<?xml version="1.0" encoding="UTF-8"?>
<testsuite xmlns:xsi="http://www.w3.org/2001/XMLSchema-instance" xsi:noNamespaceSchemaLocation="https://maven.apache.org/surefire/maven-surefire-plugin/xsd/surefire-test-report.xsd" version="3.0.2" name="org.rqueuconsumer.RqueuConsumerApplicationTests" time="8.441" tests="1" errors="0" skipped="0" failures="0">
  <properties>
[...]
</properties>
  <testcase name="contextLoads" classname="org.rqueuconsumer.RqueuConsumerApplicationTests" time="1.546">
    <system-out><![CDATA[21:26:24.620 [main] INFO org.springframework.test.context.support.AnnotationConfigContextLoaderUtils -- Could not detect default configuration classes for test class [org.rqueuconsumer.RqueuConsumerApplicationTests]: RqueuConsumerApplicationTests does not declare any static, non-private, non-final, nested classes annotated with @Configuration.
21:26:24.789 [main] INFO org.springframework.boot.test.context.SpringBootTestContextBootstrapper -- Found @SpringBootConfiguration org.rqueuconsumer.RqueuConsumerApplication for test class org.rqueuconsumer.RqueuConsumerApplicationTests

  .   ____          _            __ _ _
 /\\ / ___'_ __ _ _(_)_ __  __ _ \ \ \ \
( ( )\___ | '_ | '_| | '_ \/ _` | \ \ \ \
 \\/  ___)| |_)| | | | | || (_| |  ) ) ) )
  '  |____| .__|_| |_|_| |_\__, | / / / /
 =========|_|==============|___/=/_/_/_/

 :: Spring Boot ::                (v3.5.9)

2025-12-21 21:26:25 INFO  o.r.RqueuConsumerApplicationTests - Starting RqueuConsumerApplicationTests using Java 21.0.7 with PID 14088 (started by mete in C:\Users\mete\Desktop\staj\rqueue\rqueu-consumer)
2025-12-21 21:26:25 INFO  o.r.RqueuConsumerApplicationTests - No active profile set, falling back to 1 default profile: "default"
2025-12-21 21:26:31 ERROR c.g.s.r.l.RqueueMessageHandler - Unhandled exception from message handler method
org.springframework.messaging.converter.MessageConversionException: Cannot convert from [java.lang.String] to [org.rqueuconsumer.model.EmailDTO] for GenericMessage [payload={"msg":"{\"from\":\"noreply@hitract.se\",\"to\":\"user-7@vip.com\",\"subject\":\"VIP Alert #7\",\"body\":\"Please process immediately.\",\"createdAt\":1766348290720}","name":"org.rqueu.dto.EmailDTO"}, headers={execution=Execution(super=com.github.sonus21.rqueue.models.db.Execution@4e0293a1, startTime=1766348790969, endTime=0, error=null, exception=null, status=IN_PROGRESS), destination=high-priority-mails, messageId=e9cfeed8-c96e-404f-b5d6-140d145f39ca, message=RqueueMessage(id=e9cfeed8-c96e-404f-b5d6-140d145f39ca, queueName=high-priority-mails, message={"msg":"{\"from\":\"noreply@hitract.se\",\"to\":\"user-7@vip.com\",\"subject\":\"VIP Alert #7\",\"body\":\"Please process immediately.\",\"createdAt\":1766348290720}","name":"org.rqueu.dto.EmailDTO"}, retryCount=null, queuedTime=10264459621900, processAt=1766348290720, reEnqueuedAt=1766348736551, failureCount=2, sourceQueueFailureCount=0, sourceQueueName=null, period=0), job=com.github.sonus21.rqueue.listener.JobImpl@7e110346, lookupDestination=high-priority-mails}], failedMessage=GenericMessage [payload={"msg":"{\"from\":\"noreply@hitract.se\",\"to\":\"user-7@vip.com\",\"subject\":\"VIP Alert #7\",\"body\":\"Please process immediately.\",\"createdAt\":1766348290720}","name":"org.rqueu.dto.EmailDTO"}, headers={execution=Execution(super=com.github.sonus21.rqueue.models.db.Execution@4e0293a1, startTime=1766348790969, endTime=0, error=null, exception=null, status=IN_PROGRESS), destination=high-priority-mails, messageId=e9cfeed8-c96e-404f-b5d6-140d145f39ca, message=RqueueMessage(id=e9cfeed8-c96e-404f-b5d6-140d145f39ca, queueName=high-priority-mails, message={"msg":"{\"from\":\"noreply@hitract.se\",\"to\":\"user-7@vip.com\",\"subject\":\"VIP Alert #7\",\"body\":\"Please process immediately.\",\"createdAt\":1766348290720}","name":"org.rqueu.dto.EmailDTO"}, retryCount=null, queuedTime=10264459621900, processAt=1766348290720, reEnqueuedAt=1766348736551, failureCount=2, sourceQueueFailureCount=0, sourceQueueName=null, period=0), job=com.github.sonus21.rqueue.listener.JobImpl@7e110346, lookupDestination=high-priority-mails}]
	at org.springframework.messaging.handler.annotation.support.PayloadMethodArgumentResolver.resolveArgument(PayloadMethodArgumentResolver.java:151)
	at org.springframework.messaging.handler.invocation.HandlerMethodArgumentResolverComposite.resolveArgument(HandlerMethodArgumentResolverComposite.java:118)
	at org.springframework.messaging.handler.invocation.InvocableHandlerMethod.getMethodArgumentValues(InvocableHandlerMethod.java:147)
	at org.springframework.messaging.handler.invocation.InvocableHandlerMethod.invoke(InvocableHandlerMethod.java:115)
	at org.springframework.messaging.handler.invocation.AbstractMethodMessageHandler.handleMatch(AbstractMethodMessageHandler.java:568)
	at com.github.sonus21.rqueue.listener.RqueueMessageHandler.executeMatches(RqueueMessageHandler.java:254)
	at com.github.sonus21.rqueue.listener.RqueueMessageHandler.handleMessageInternal(RqueueMessageHandler.java:226)
	at org.springframework.messaging.handler.invocation.AbstractMethodMessageHandler.handleMessage(AbstractMethodMessageHandler.java:457)
	at com.github.sonus21.rqueue.core.middleware.HandlerMiddleware.handle(HandlerMiddleware.java:50)
	at com.github.sonus21.rqueue.listener.RqueueExecutor.callMiddlewares(RqueueExecutor.java:240)
	at com.github.sonus21.rqueue.listener.RqueueExecutor.processMessage(RqueueExecutor.java:255)
	at com.github.sonus21.rqueue.listener.RqueueExecutor.execute(RqueueExecutor.java:266)
	at com.github.sonus21.rqueue.listener.RqueueExecutor.handleMessage(RqueueExecutor.java:307)
	at com.github.sonus21.rqueue.listener.RqueueExecutor.handle(RqueueExecutor.java:379)
	at com.github.sonus21.rqueue.listener.RqueueExecutor.start(RqueueExecutor.java:396)
	at com.github.sonus21.rqueue.utils.RetryableRunnable.run(RetryableRunnable.java:49)
	at java.base/java.util.concurrent.ThreadPoolExecutor.runWorker(ThreadPoolExecutor.java:1144)
	at java.base/java.util.concurrent.ThreadPoolExecutor$Worker.run(ThreadPoolExecutor.java:642)
	at java.base/java.lang.Thread.run(Thread.java:1583)
2025-12-21 21:26:31 ERROR c.g.s.r.l.RqueueMessageHandler - Unhandled exception from message handler method
org.springframework.messaging.converter.MessageConversionException: Cannot convert from [java.lang.String] to [org.rqueuconsumer.model.EmailDTO] for GenericMessage [payload={"msg":"{\"from\":\"noreply@hitract.se\",\"to\":\"user-1@vip.com\",\"subject\":\"VIP Alert #1\",\"body\":\"Please process immediately.\",\"createdAt\":1766348290693}","name":"org.rqueu.dto.EmailDTO"}, headers={execution=Execution(super=com.github.sonus21.rqueue.models.db.Execution@553b8a0b, startTime=1766348790967, endTime=0, error=null, exception=null, status=IN_PROGRESS), destination=high-priority-mails, messageId=10c7dca2-fa22-410f-9d90-055860a33e82, message=RqueueMessage(id=10c7dca2-fa22-410f-9d90-055860a33e82, queueName=high-priority-mails, message={"msg":"{\"from\":\"noreply@hitract.se\",\"to\":\"user-1@vip.com\",\"subject\":\"VIP Alert #1\",\"body\":\"Please process immediately.\",\"createdAt\":1766348290693}","name":"org.rqueu.dto.EmailDTO"}, retryCount=null, queuedTime=10264432695500, processAt=1766348290693, reEnqueuedAt=1766348736541, failureCount=2, sourceQueueFailureCount=0, sourceQueueName=null, period=0), job=com.github.sonus21.rqueue.listener.JobImpl@1c505b10, lookupDestination=high-priority-mails}], failedMessage=GenericMessage [payload={"msg":"{\"from\":\"noreply@hitract.se\",\"to\":\"user-1@vip.com\",\"subject\":\"VIP Alert #1\",\"body\":\"Please process immediately.\",\"createdAt\":1766348290693}","name":"org.rqueu.dto.EmailDTO"}, headers={execution=Execution(super=com.github.sonus21.rqueue.models.db.Execution@553b8a0b, startTime=1766348790967, endTime=0, error=null, exception=null, status=IN_PROGRESS), destination=high-priority-mails, messageId=10c7dca2-fa22-410f-9d90-055860a33e82, message=RqueueMessage(id=10c7dca2-fa22-410f-9d90-055860a33e82, queueName=high-priority-mails, message={"msg":"{\"from\":\"noreply@hitract.se\",\"to\":\"user-1@vip.com\",\"subject\":\"VIP Alert #1\",\"body\":\"Please process immediately.\",\"createdAt\":1766348290693}","name":"org.rqueu.dto.EmailDTO"}, retryCount=null, queuedTime=10264432695500, processAt=1766348290693, reEnqueuedAt=1766348736541, failureCount=2, sourceQueueFailureCount=0, sourceQueueName=null, period=0), job=com.github.sonus21.rqueue.listener.JobImpl@1c505b10, lookupDestination=high-priority-mails}]
	at org.springframework.messaging.handler.annotation.support.PayloadMethodArgumentResolver.resolveArgument(PayloadMethodArgumentResolver.java:151)
	at org.springframework.messaging.handler.invocation.HandlerMethodArgumentResolverComposite.resolveArgument(HandlerMethodArgumentResolverComposite.java:118)
	at org.springframework.messaging.handler.invocation.InvocableHandlerMethod.getMethodArgumentValues(InvocableHandlerMethod.java:147)
	at org.springframework.messaging.handler.invocation.InvocableHandlerMethod.invoke(InvocableHandlerMethod.java:115)
	at org.springframework.messaging.handler.invocation.AbstractMethodMessageHandler.handleMatch(AbstractMethodMessageHandler.java:568)
	at com.github.sonus21.rqueue.listener.RqueueMessageHandler.executeMatches(RqueueMessageHandler.java:254)
	at com.github.sonus21.rqueue.listener.RqueueMessageHandler.handleMessageInternal(RqueueMessageHandler.java:226)
	at org.springframework.messaging.handler.invocation.AbstractMethodMessageHandler.handleMessage(AbstractMethodMessageHandler.java:457)
	at com.github.sonus21.rqueue.core.middleware.HandlerMiddleware.handle(HandlerMiddleware.java:50)
	at com.github.sonus21.rqueue.listener.RqueueExecutor.callMiddlewares(RqueueExecutor.java:240)
	at com.github.sonus21.rqueue.listener.RqueueExecutor.processMessage(RqueueExecutor.java:255)
	at com.github.sonus21.rqueue.listener.RqueueExecutor.execute(RqueueExecutor.java:266)
	at com.github.sonus21.rqueue.listener.RqueueExecutor.handleMessage(RqueueExecutor.java:307)
	at com.github.sonus21.rqueue.listener.RqueueExecutor.handle(RqueueExecutor.java:379)
	at com.github.sonus21.rqueue.listener.RqueueExecutor.start(RqueueExecutor.java:396)
	at com.github.sonus21.rqueue.utils.RetryableRunnable.run(RetryableRunnable.java:49)
	at java.base/java.util.concurrent.ThreadPoolExecutor.runWorker(ThreadPoolExecutor.java:1144)
	at java.base/java.util.concurrent.ThreadPoolExecutor$Worker.run(ThreadPoolExecutor.java:642)
	at java.base/java.lang.Thread.run(Thread.java:1583)
2025-12-21 21:26:31 ERROR c.g.s.r.l.RqueueMessageHandler - Unhandled exception from message handler method
org.springframework.messaging.converter.MessageConversionException: Cannot convert from [java.lang.String] to [org.rqueuconsumer.model.EmailDTO] for GenericMessage [payload={"msg":"{\"from\":\"noreply@hitract.se\",\"to\":\"user-0@vip.com\",\"subject\":\"VIP Alert #0\",\"body\":\"Please process immediately.\",\"createdAt\":1766348290620}","name":"org.rqueu.dto.EmailDTO"}, headers={execution=Execution(super=com.github.sonus21.rqueue.models.db.Execution@4ebb7912, startTime=1766348790968, endTime=0, error=null, exception=null, status=IN_PROGRESS), destination=high-priority-mails, messageId=a6ac61ab-9bc7-4643-b158-406c88162d80, message=RqueueMessage(id=a6ac61ab-9bc7-4643-b158-406c88162d80, queueName=high-priority-mails, message={"msg":"{\"from\":\"noreply@hitract.se\",\"to\":\"user-0@vip.com\",\"subject\":\"VIP Alert #0\",\"body\":\"Please process immediately.\",\"createdAt\":1766348290620}","name":"org.rqueu.dto.EmailDTO"}, retryCount=null, queuedTime=10264390752000, processAt=1766348290651, reEnqueuedAt=1766348736550, failureCount=2, sourceQueueFailureCount=0, sourceQueueName=null, period=0), job=com.github.sonus21.rqueue.listener.JobImpl@101033fc, lookupDestination=high-priority-mails}], failedMessage=GenericMessage [payload={"msg":"{\"from\":\"noreply@hitract.se\",\"to\":\"user-0@vip.com\",\"subject\":\"VIP Alert #0\",\"body\":\"Please process immediately.\",\"createdAt\":1766348290620}","name":"org.rqueu.dto.EmailDTO"}, headers={execution=Execution(super=com.github.sonus21.rqueue.models.db.Execution@4ebb7912, startTime=1766348790968, endTime=0, error=null, exception=null, status=IN_PROGRESS), destination=high-priority-mails, messageId=a6ac61ab-9bc7-4643-b158-406c88162d80, message=RqueueMessage(id=a6ac61ab-9bc7-4643-b158-406c88162d80, queueName=high-priority-mails, message={"msg":"{\"from\":\"noreply@hitract.se\",\"to\":\"user-0@vip.com\",\"subject\":\"VIP Alert #0\",\"body\":\"Please process immediately.\",\"createdAt\":1766348290620}","name":"org.rqueu.dto.EmailDTO"}, retryCount=null, queuedTime=10264390752000, processAt=1766348290651, reEnqueuedAt=1766348736550, failureCount=2, sourceQueueFailureCount=0, sourceQueueName=null, period=0), job=com.github.sonus21.rqueue.listener.JobImpl@101033fc, lookupDestination=high-priority-mails}]
	at org.springframework.messaging.handler.annotation.support.PayloadMethodArgumentResolver.resolveArgument(PayloadMethodArgumentResolver.java:151)
	at org.springframework.messaging.handler.invocation.HandlerMethodArgumentResolverComposite.resolveArgument(HandlerMethodArgumentResolverComposite.java:118)
	at org.springframework.messaging.handler.invocation.InvocableHandlerMethod.getMethodArgumentValues(InvocableHandlerMethod.java:147)
	at org.springframework.messaging.handler.invocation.InvocableHandlerMethod.invoke(InvocableHandlerMethod.java:115)
	at org.springframework.messaging.handler.invocation.AbstractMethodMessageHandler.handleMatch(AbstractMethodMessageHandler.java:568)
	at com.github.sonus21.rqueue.listener.RqueueMessageHandler.executeMatches(RqueueMessageHandler.java:254)
	at com.github.sonus21.rqueue.listener.RqueueMessageHandler.handleMessageInternal(RqueueMessageHandler.java:226)
	at org.springframework.messaging.handler.invocation.AbstractMethodMessageHandler.handleMessage(AbstractMethodMessageHandler.java:457)
	at com.github.sonus21.rqueue.core.middleware.HandlerMiddleware.handle(HandlerMiddleware.java:50)
	at com.github.sonus21.rqueue.listener.RqueueExecutor.callMiddlewares(RqueueExecutor.java:240)
	at com.github.sonus21.rqueue.listener.RqueueExecutor.processMessage(RqueueExecutor.java:255)
	at com.github.sonus21.rqueue.listener.RqueueExecutor.execute(RqueueExecutor.java:266)
	at com.github.sonus21.rqueue.listener.RqueueExecutor.handleMessage(RqueueExecutor.java:307)
	at com.github.sonus21.rqueue.listener.RqueueExecutor.handle(RqueueExecutor.java:379)
	at com.github.sonus21.rqueue.listener.RqueueExecutor.start(RqueueExecutor.java:396)
	at com.github.sonus21.rqueue.utils.RetryableRunnable.run(RetryableRunnable.java:49)
	at java.base/java.util.concurrent.ThreadPoolExecutor.runWorker(ThreadPoolExecutor.java:1144)
	at java.base/java.util.concurrent.ThreadPoolExecutor$Worker.run(ThreadPoolExecutor.java:642)
	at java.base/java.lang.Thread.run(Thread.java:1583)
2025-12-21 21:26:31 ERROR c.g.s.r.l.RqueueMessageHandler - Unhandled exception from message handler method
org.springframework.messaging.converter.MessageConversionException: Cannot convert from [java.lang.String] to [org.rqueuconsumer.model.EmailDTO] for GenericMessage [payload={"msg":"{\"from\":\"noreply@hitract.se\",\"to\":\"user-8@vip.com\",\"subject\":\"VIP Alert #8\",\"body\":\"Please process immediately.\",\"createdAt\":1766348290725}","name":"org.rqueu.dto.EmailDTO"}, headers={execution=Execution(super=com.github.sonus21.rqueue.models.db.Execution@4e0293a1, startTime=1766348790969, endTime=0, error=null, exception=null, status=IN_PROGRESS), destination=high-priority-mails, messageId=d1193a2a-f1ca-4d07-86e2-0128a7d011c4, message=RqueueMessage(id=d1193a2a-f1ca-4d07-86e2-0128a7d011c4, queueName=high-priority-mails, message={"msg":"{\"from\":\"noreply@hitract.se\",\"to\":\"user-8@vip.com\",\"subject\":\"VIP Alert #8\",\"body\":\"Please process immediately.\",\"createdAt\":1766348290725}","name":"org.rqueu.dto.EmailDTO"}, retryCount=null, queuedTime=10264465400900, processAt=1766348290726, reEnqueuedAt=1766348736582, failureCount=2, sourceQueueFailureCount=0, sourceQueueName=null, period=0), job=com.github.sonus21.rqueue.listener.JobImpl@2fdaa9b4, lookupDestination=high-priority-mails}], failedMessage=GenericMessage [payload={"msg":"{\"from\":\"noreply@hitract.se\",\"to\":\"user-8@vip.com\",\"subject\":\"VIP Alert #8\",\"body\":\"Please process immediately.\",\"createdAt\":1766348290725}","name":"org.rqueu.dto.EmailDTO"}, headers={execution=Execution(super=com.github.sonus21.rqueue.models.db.Execution@4e0293a1, startTime=1766348790969, endTime=0, error=null, exception=null, status=IN_PROGRESS), destination=high-priority-mails, messageId=d1193a2a-f1ca-4d07-86e2-0128a7d011c4, message=RqueueMessage(id=d1193a2a-f1ca-4d07-86e2-0128a7d011c4, queueName=high-priority-mails, message={"msg":"{\"from\":\"noreply@hitract.se\",\"to\":\"user-8@vip.com\",\"subject\":\"VIP Alert #8\",\"body\":\"Please process immediately.\",\"createdAt\":1766348290725}","name":"org.rqueu.dto.EmailDTO"}, retryCount=null, queuedTime=10264465400900, processAt=1766348290726, reEnqueuedAt=1766348736582, failureCount=2, sourceQueueFailureCount=0, sourceQueueName=null, period=0), job=com.github.sonus21.rqueue.listener.JobImpl@2fdaa9b4, lookupDestination=high-priority-mails}]
	at org.springframework.messaging.handler.annotation.support.PayloadMethodArgumentResolver.resolveArgument(PayloadMethodArgumentResolver.java:151)
	at org.springframework.messaging.handler.invocation.HandlerMethodArgumentResolverComposite.resolveArgument(HandlerMethodArgumentResolverComposite.java:118)
	at org.springframework.messaging.handler.invocation.InvocableHandlerMethod.getMethodArgumentValues(InvocableHandlerMethod.java:147)
	at org.springframework.messaging.handler.invocation.InvocableHandlerMethod.invoke(InvocableHandlerMethod.java:115)
	at org.springframework.messaging.handler.invocation.AbstractMethodMessageHandler.handleMatch(AbstractMethodMessageHandler.java:568)
	at com.github.sonus21.rqueue.listener.RqueueMessageHandler.executeMatches(RqueueMessageHandler.java:254)
	at com.github.sonus21.rqueue.listener.RqueueMessageHandler.handleMessageInternal(RqueueMessageHandler.java:226)
	at org.springframework.messaging.handler.invocation.AbstractMethodMessageHandler.handleMessage(AbstractMethodMessageHandler.java:457)
	at com.github.sonus21.rqueue.core.middleware.HandlerMiddleware.handle(HandlerMiddleware.java:50)
	at com.github.sonus21.rqueue.listener.RqueueExecutor.callMiddlewares(RqueueExecutor.java:240)
	at com.github.sonus21.rqueue.listener.RqueueExecutor.processMessage(RqueueExecutor.java:255)
	at com.github.sonus21.rqueue.listener.RqueueExecutor.execute(RqueueExecutor.java:266)
	at com.github.sonus21.rqueue.listener.RqueueExecutor.handleMessage(RqueueExecutor.java:307)
	at com.github.sonus21.rqueue.listener.RqueueExecutor.handle(RqueueExecutor.java:379)
	at com.github.sonus21.rqueue.listener.RqueueExecutor.start(RqueueExecutor.java:396)
	at com.github.sonus21.rqueue.utils.RetryableRunnable.run(RetryableRunnable.java:49)
	at java.base/java.util.concurrent.ThreadPoolExecutor.runWorker(ThreadPoolExecutor.java:1144)
	at java.base/java.util.concurrent.ThreadPoolExecutor$Worker.run(ThreadPoolExecutor.java:642)
	at java.base/java.lang.Thread.run(Thread.java:1583)
2025-12-21 21:26:31 ERROR c.g.s.r.l.RqueueMessageHandler - Unhandled exception from message handler method
org.springframework.messaging.converter.MessageConversionException: Cannot convert from [java.lang.String] to [org.rqueuconsumer.model.EmailDTO] for GenericMessage [payload={"msg":"{\"from\":\"noreply@hitract.se\",\"to\":\"user-34@standard.com\",\"subject\":\"Standard Alert #34\",\"body\":\"Please process immediately.\",\"createdAt\":1766348290817}","name":"org.rqueu.dto.EmailDTO"}, headers={execution=Execution(super=com.github.sonus21.rqueue.models.db.Execution@4e0293a1, startTime=1766348790969, endTime=0, error=null, exception=null, status=IN_PROGRESS), destination=low-priority-mails, messageId=bd24fbcb-1b52-47ab-ade6-e360040133a4, message=RqueueMessage(id=bd24fbcb-1b52-47ab-ade6-e360040133a4, queueName=low-priority-mails, message={"msg":"{\"from\":\"noreply@hitract.se\",\"to\":\"user-34@standard.com\",\"subject\":\"Standard Alert #34\",\"body\":\"Please process immediately.\",\"createdAt\":1766348290817}","name":"org.rqueu.dto.EmailDTO"}, retryCount=null, queuedTime=10264556067500, processAt=1766348290817, reEnqueuedAt=null, failureCount=0, sourceQueueFailureCount=0, sourceQueueName=null, period=0), job=com.github.sonus21.rqueue.listener.JobImpl@3a4127b9, lookupDestination=low-priority-mails}], failedMessage=GenericMessage [payload={"msg":"{\"from\":\"noreply@hitract.se\",\"to\":\"user-34@standard.com\",\"subject\":\"Standard Alert #34\",\"body\":\"Please process immediately.\",\"createdAt\":1766348290817}","name":"org.rqueu.dto.EmailDTO"}, headers={execution=Execution(super=com.github.sonus21.rqueue.models.db.Execution@4e0293a1, startTime=1766348790969, endTime=0, error=null, exception=null, status=IN_PROGRESS), destination=low-priority-mails, messageId=bd24fbcb-1b52-47ab-ade6-e360040133a4, message=RqueueMessage(id=bd24fbcb-1b52-47ab-ade6-e360040133a4, queueName=low-priority-mails, message={"msg":"{\"from\":\"noreply@hitract.se\",\"to\":\"user-34@standard.com\",\"subject\":\"Standard Alert #34\",\"body\":\"Please process immediately.\",\"createdAt\":1766348290817}","name":"org.rqueu.dto.EmailDTO"}, retryCount=null, queuedTime=10264556067500, processAt=1766348290817, reEnqueuedAt=null, failureCount=0, sourceQueueFailureCount=0, sourceQueueName=null, period=0), job=com.github.sonus21.rqueue.listener.JobImpl@3a4127b9, lookupDestination=low-priority-mails}]
	at org.springframework.messaging.handler.annotation.support.PayloadMethodArgumentResolver.resolveArgument(PayloadMethodArgumentResolver.java:151)
	at org.springframework.messaging.handler.invocation.HandlerMethodArgumentResolverComposite.resolveArgument(HandlerMethodArgumentResolverComposite.java:118)
	at org.springframework.messaging.handler.invocation.InvocableHandlerMethod.getMethodArgumentValues(InvocableHandlerMethod.java:147)
	at org.springframework.messaging.handler.invocation.InvocableHandlerMethod.invoke(InvocableHandlerMethod.java:115)
	at org.springframework.messaging.handler.invocation.AbstractMethodMessageHandler.handleMatch(AbstractMethodMessageHandler.java:568)
	at com.github.sonus21.rqueue.listener.RqueueMessageHandler.executeMatches(RqueueMessageHandler.java:254)
	at com.github.sonus21.rqueue.listener.RqueueMessageHandler.handleMessageInternal(RqueueMessageHandler.java:226)
	at org.springframework.messaging.handler.invocation.AbstractMethodMessageHandler.handleMessage(AbstractMethodMessageHandler.java:457)
	at com.github.sonus21.rqueue.core.middleware.HandlerMiddleware.handle(HandlerMiddleware.java:50)
	at com.github.sonus21.rqueue.listener.RqueueExecutor.callMiddlewares(RqueueExecutor.java:240)
	at com.github.sonus21.rqueue.listener.RqueueExecutor.processMessage(RqueueExecutor.java:255)
	at com.github.sonus21.rqueue.listener.RqueueExecutor.execute(RqueueExecutor.java:266)
	at com.github.sonus21.rqueue.listener.RqueueExecutor.handleMessage(RqueueExecutor.java:307)
	at com.github.sonus21.rqueue.listener.RqueueExecutor.handle(RqueueExecutor.java:379)
	at com.github.sonus21.rqueue.listener.RqueueExecutor.start(RqueueExecutor.java:396)
	at com.github.sonus21.rqueue.utils.RetryableRunnable.run(RetryableRunnable.java:49)
	at java.base/java.util.concurrent.ThreadPoolExecutor.runWorker(ThreadPoolExecutor.java:1144)
	at java.base/java.util.concurrent.ThreadPoolExecutor$Worker.run(ThreadPoolExecutor.java:642)
	at java.base/java.lang.Thread.run(Thread.java:1583)
2025-12-21 21:26:31 ERROR c.g.s.r.l.RqueueMessageHandler - Unhandled exception from message handler method
org.springframework.messaging.converter.MessageConversionException: Cannot convert from [java.lang.String] to [org.rqueuconsumer.model.EmailDTO] for GenericMessage [payload={"msg":"{\"from\":\"noreply@hitract.se\",\"to\":\"user-2@vip.com\",\"subject\":\"VIP Alert #2\",\"body\":\"Please process immediately.\",\"createdAt\":1766348290699}","name":"org.rqueu.dto.EmailDTO"}, headers={execution=Execution(super=com.github.sonus21.rqueue.models.db.Execution@4e0293a1, startTime=1766348790969, endTime=0, error=null, exception=null, status=IN_PROGRESS), destination=high-priority-mails, messageId=b962a562-5dc1-4454-b685-6dcba3d35a82, message=RqueueMessage(id=b962a562-5dc1-4454-b685-6dcba3d35a82, queueName=high-priority-mails, message={"msg":"{\"from\":\"noreply@hitract.se\",\"to\":\"user-2@vip.com\",\"subject\":\"VIP Alert #2\",\"body\":\"Please process immediately.\",\"createdAt\":1766348290699}","name":"org.rqueu.dto.EmailDTO"}, retryCount=null, queuedTime=10264438535100, processAt=1766348290699, reEnqueuedAt=1766348736557, failureCount=2, sourceQueueFailureCount=0, sourceQueueName=null, period=0), job=com.github.sonus21.rqueue.listener.JobImpl@519832cb, lookupDestination=high-priority-mails}], failedMessage=GenericMessage [payload={"msg":"{\"from\":\"noreply@hitract.se\",\"to\":\"user-2@vip.com\",\"subject\":\"VIP Alert #2\",\"body\":\"Please process immediately.\",\"createdAt\":1766348290699}","name":"org.rqueu.dto.EmailDTO"}, headers={execution=Execution(super=com.github.sonus21.rqueue.models.db.Execution@4e0293a1, startTime=1766348790969, endTime=0, error=null, exception=null, status=IN_PROGRESS), destination=high-priority-mails, messageId=b962a562-5dc1-4454-b685-6dcba3d35a82, message=RqueueMessage(id=b962a562-5dc1-4454-b685-6dcba3d35a82, queueName=high-priority-mails, message={"msg":"{\"from\":\"noreply@hitract.se\",\"to\":\"user-2@vip.com\",\"subject\":\"VIP Alert #2\",\"body\":\"Please process immediately.\",\"createdAt\":1766348290699}","name":"org.rqueu.dto.EmailDTO"}, retryCount=null, queuedTime=10264438535100, processAt=1766348290699, reEnqueuedAt=1766348736557, failureCount=2, sourceQueueFailureCount=0, sourceQueueName=null, period=0), job=com.github.sonus21.rqueue.listener.JobImpl@519832cb, lookupDestination=high-priority-mails}]
	at org.springframework.messaging.handler.annotation.support.PayloadMethodArgumentResolver.resolveArgument(PayloadMethodArgumentResolver.java:151)
	at org.springframework.messaging.handler.invocation.HandlerMethodArgumentResolverComposite.resolveArgument(HandlerMethodArgumentResolverComposite.java:118)
	at org.springframework.messaging.handler.invocation.InvocableHandlerMethod.getMethodArgumentValues(InvocableHandlerMethod.java:147)
	at org.springframework.messaging.handler.invocation.InvocableHandlerMethod.invoke(InvocableHandlerMethod.java:115)
	at org.springframework.messaging.handler.invocation.AbstractMethodMessageHandler.handleMatch(AbstractMethodMessageHandler.java:568)
	at com.github.sonus21.rqueue.listener.RqueueMessageHandler.executeMatches(RqueueMessageHandler.java:254)
	at com.github.sonus21.rqueue.listener.RqueueMessageHandler.handleMessageInternal(RqueueMessageHandler.java:226)
	at org.springframework.messaging.handler.invocation.AbstractMethodMessageHandler.handleMessage(AbstractMethodMessageHandler.java:457)
	at com.github.sonus21.rqueue.core.middleware.HandlerMiddleware.handle(HandlerMiddleware.java:50)
	at com.github.sonus21.rqueue.listener.RqueueExecutor.callMiddlewares(RqueueExecutor.java:240)
	at com.github.sonus21.rqueue.listener.RqueueExecutor.processMessage(RqueueExecutor.java:255)
	at com.github.sonus21.rqueue.listener.RqueueExecutor.execute(RqueueExecutor.java:266)
	at com.github.sonus21.rqueue.listener.RqueueExecutor.handleMessage(RqueueExecutor.java:307)
	at com.github.sonus21.rqueue.listener.RqueueExecutor.handle(RqueueExecutor.java:379)
	at com.github.sonus21.rqueue.listener.RqueueExecutor.start(RqueueExecutor.java:396)
	at com.github.sonus21.rqueue.utils.RetryableRunnable.run(RetryableRunnable.java:49)
	at java.base/java.util.concurrent.ThreadPoolExecutor.runWorker(ThreadPoolExecutor.java:1144)
	at java.base/java.util.concurrent.ThreadPoolExecutor$Worker.run(ThreadPoolExecutor.java:642)
	at java.base/java.lang.Thread.run(Thread.java:1583)
2025-12-21 21:26:31 ERROR c.g.s.r.l.RqueueMessageHandler - Unhandled exception from message handler method
org.springframework.messaging.converter.MessageConversionException: Cannot convert from [java.lang.String] to [org.rqueuconsumer.model.EmailDTO] for GenericMessage [payload={"msg":"{\"from\":\"noreply@hitract.se\",\"to\":\"user-6@vip.com\",\"subject\":\"VIP Alert #6\",\"body\":\"Please process immediately.\",\"createdAt\":1766348290717}","name":"org.rqueu.dto.EmailDTO"}, headers={execution=Execution(super=com.github.sonus21.rqueue.models.db.Execution@553b8a0b, startTime=1766348790967, endTime=0, error=null, exception=null, status=IN_PROGRESS), destination=high-priority-mails, messageId=c642b26f-6316-417f-a8c9-3b802e15b9fd, message=RqueueMessage(id=c642b26f-6316-417f-a8c9-3b802e15b9fd, queueName=high-priority-mails, message={"msg":"{\"from\":\"noreply@hitract.se\",\"to\":\"user-6@vip.com\",\"subject\":\"VIP Alert #6\",\"body\":\"Please process immediately.\",\"createdAt\":1766348290717}","name":"org.rqueu.dto.EmailDTO"}, retryCount=null, queuedTime=10264455979800, processAt=1766348290717, reEnqueuedAt=1766348736575, failureCount=2, sourceQueueFailureCount=0, sourceQueueName=null, period=0), job=com.github.sonus21.rqueue.listener.JobImpl@35e9366a, lookupDestination=high-priority-mails}], failedMessage=GenericMessage [payload={"msg":"{\"from\":\"noreply@hitract.se\",\"to\":\"user-6@vip.com\",\"subject\":\"VIP Alert #6\",\"body\":\"Please process immediately.\",\"createdAt\":1766348290717}","name":"org.rqueu.dto.EmailDTO"}, headers={execution=Execution(super=com.github.sonus21.rqueue.models.db.Execution@553b8a0b, startTime=1766348790967, endTime=0, error=null, exception=null, status=IN_PROGRESS), destination=high-priority-mails, messageId=c642b26f-6316-417f-a8c9-3b802e15b9fd, message=RqueueMessage(id=c642b26f-6316-417f-a8c9-3b802e15b9fd, queueName=high-priority-mails, message={"msg":"{\"from\":\"noreply@hitract.se\",\"to\":\"user-6@vip.com\",\"subject\":\"VIP Alert #6\",\"body\":\"Please process immediately.\",\"createdAt\":1766348290717}","name":"org.rqueu.dto.EmailDTO"}, retryCount=null, queuedTime=10264455979800, processAt=1766348290717, reEnqueuedAt=1766348736575, failureCount=2, sourceQueueFailureCount=0, sourceQueueName=null, period=0), job=com.github.sonus21.rqueue.listener.JobImpl@35e9366a, lookupDestination=high-priority-mails}]
	at org.springframework.messaging.handler.annotation.support.PayloadMethodArgumentResolver.resolveArgument(PayloadMethodArgumentResolver.java:151)
	at org.springframework.messaging.handler.invocation.HandlerMethodArgumentResolverComposite.resolveArgument(HandlerMethodArgumentResolverComposite.java:118)
	at org.springframework.messaging.handler.invocation.InvocableHandlerMethod.getMethodArgumentValues(InvocableHandlerMethod.java:147)
	at org.springframework.messaging.handler.invocation.InvocableHandlerMethod.invoke(InvocableHandlerMethod.java:115)
	at org.springframework.messaging.handler.invocation.AbstractMethodMessageHandler.handleMatch(AbstractMethodMessageHandler.java:568)
	at com.github.sonus21.rqueue.listener.RqueueMessageHandler.executeMatches(RqueueMessageHandler.java:254)
	at com.github.sonus21.rqueue.listener.RqueueMessageHandler.handleMessageInternal(RqueueMessageHandler.java:226)
	at org.springframework.messaging.handler.invocation.AbstractMethodMessageHandler.handleMessage(AbstractMethodMessageHandler.java:457)
	at com.github.sonus21.rqueue.core.middleware.HandlerMiddleware.handle(HandlerMiddleware.java:50)
	at com.github.sonus21.rqueue.listener.RqueueExecutor.callMiddlewares(RqueueExecutor.java:240)
	at com.github.sonus21.rqueue.listener.RqueueExecutor.processMessage(RqueueExecutor.java:255)
	at com.github.sonus21.rqueue.listener.RqueueExecutor.execute(RqueueExecutor.java:266)
	at com.github.sonus21.rqueue.listener.RqueueExecutor.handleMessage(RqueueExecutor.java:307)
	at com.github.sonus21.rqueue.listener.RqueueExecutor.handle(RqueueExecutor.java:379)
	at com.github.sonus21.rqueue.listener.RqueueExecutor.start(RqueueExecutor.java:396)
	at com.github.sonus21.rqueue.utils.RetryableRunnable.run(RetryableRunnable.java:49)
	at java.base/java.util.concurrent.ThreadPoolExecutor.runWorker(ThreadPoolExecutor.java:1144)
	at java.base/java.util.concurrent.ThreadPoolExecutor$Worker.run(ThreadPoolExecutor.java:642)
	at java.base/java.lang.Thread.run(Thread.java:1583)
2025-12-21 21:26:31 ERROR c.g.s.r.l.RqueueMessageHandler - Unhandled exception from message handler method
org.springframework.messaging.converter.MessageConversionException: Cannot convert from [java.lang.String] to [org.rqueuconsumer.model.EmailDTO] for GenericMessage [payload={"msg":"{\"from\":\"noreply@hitract.se\",\"to\":\"user-5@vip.com\",\"subject\":\"VIP Alert #5\",\"body\":\"Please process immediately.\",\"createdAt\":1766348290713}","name":"org.rqueu.dto.EmailDTO"}, headers={execution=Execution(super=com.github.sonus21.rqueue.models.db.Execution@4e0293a1, startTime=1766348790969, endTime=0, error=null, exception=null, status=IN_PROGRESS), destination=high-priority-mails, messageId=218f77a2-bb17-4fda-8f65-7e730892154f, message=RqueueMessage(id=218f77a2-bb17-4fda-8f65-7e730892154f, queueName=high-priority-mails, message={"msg":"{\"from\":\"noreply@hitract.se\",\"to\":\"user-5@vip.com\",\"subject\":\"VIP Alert #5\",\"body\":\"Please process immediately.\",\"createdAt\":1766348290713}","name":"org.rqueu.dto.EmailDTO"}, retryCount=null, queuedTime=10264452091000, processAt=1766348290713, reEnqueuedAt=1766348736581, failureCount=2, sourceQueueFailureCount=0, sourceQueueName=null, period=0), job=com.github.sonus21.rqueue.listener.JobImpl@17d338b6, lookupDestination=high-priority-mails}], failedMessage=GenericMessage [payload={"msg":"{\"from\":\"noreply@hitract.se\",\"to\":\"user-5@vip.com\",\"subject\":\"VIP Alert #5\",\"body\":\"Please process immediately.\",\"createdAt\":1766348290713}","name":"org.rqueu.dto.EmailDTO"}, headers={execution=Execution(super=com.github.sonus21.rqueue.models.db.Execution@4e0293a1, startTime=1766348790969, endTime=0, error=null, exception=null, status=IN_PROGRESS), destination=high-priority-mails, messageId=218f77a2-bb17-4fda-8f65-7e730892154f, message=RqueueMessage(id=218f77a2-bb17-4fda-8f65-7e730892154f, queueName=high-priority-mails, message={"msg":"{\"from\":\"noreply@hitract.se\",\"to\":\"user-5@vip.com\",\"subject\":\"VIP Alert #5\",\"body\":\"Please process immediately.\",\"createdAt\":1766348290713}","name":"org.rqueu.dto.EmailDTO"}, retryCount=null, queuedTime=10264452091000, processAt=1766348290713, reEnqueuedAt=1766348736581, failureCount=2, sourceQueueFailureCount=0, sourceQueueName=null, period=0), job=com.github.sonus21.rqueue.listener.JobImpl@17d338b6, lookupDestination=high-priority-mails}]
	at org.springframework.messaging.handler.annotation.support.PayloadMethodArgumentResolver.resolveArgument(PayloadMethodArgumentResolver.java:151)
	at org.springframework.messaging.handler.invocation.HandlerMethodArgumentResolverComposite.resolveArgument(HandlerMethodArgumentResolverComposite.java:118)
	at org.springframework.messaging.handler.invocation.InvocableHandlerMethod.getMethodArgumentValues(InvocableHandlerMethod.java:147)
	at org.springframework.messaging.handler.invocation.InvocableHandlerMethod.invoke(InvocableHandlerMethod.java:115)
	at org.springframework.messaging.handler.invocation.AbstractMethodMessageHandler.handleMatch(AbstractMethodMessageHandler.java:568)
	at com.github.sonus21.rqueue.listener.RqueueMessageHandler.executeMatches(RqueueMessageHandler.java:254)
	at com.github.sonus21.rqueue.listener.RqueueMessageHandler.handleMessageInternal(RqueueMessageHandler.java:226)
	at org.springframework.messaging.handler.invocation.AbstractMethodMessageHandler.handleMessage(AbstractMethodMessageHandler.java:457)
	at com.github.sonus21.rqueue.core.middleware.HandlerMiddleware.handle(HandlerMiddleware.java:50)
	at com.github.sonus21.rqueue.listener.RqueueExecutor.callMiddlewares(RqueueExecutor.java:240)
	at com.github.sonus21.rqueue.listener.RqueueExecutor.processMessage(RqueueExecutor.java:255)
	at com.github.sonus21.rqueue.listener.RqueueExecutor.execute(RqueueExecutor.java:266)
	at com.github.sonus21.rqueue.listener.RqueueExecutor.handleMessage(RqueueExecutor.java:307)
	at com.github.sonus21.rqueue.listener.RqueueExecutor.handle(RqueueExecutor.java:379)
	at com.github.sonus21.rqueue.listener.RqueueExecutor.start(RqueueExecutor.java:396)
	at com.github.sonus21.rqueue.utils.RetryableRunnable.run(RetryableRunnable.java:49)
	at java.base/java.util.concurrent.ThreadPoolExecutor.runWorker(ThreadPoolExecutor.java:1144)
	at java.base/java.util.concurrent.ThreadPoolExecutor$Worker.run(ThreadPoolExecutor.java:642)
	at java.base/java.lang.Thread.run(Thread.java:1583)
2025-12-21 21:26:31 ERROR c.g.s.r.l.RqueueMessageHandler - Unhandled exception from message handler method
org.springframework.messaging.converter.MessageConversionException: Cannot convert from [java.lang.String] to [org.rqueuconsumer.model.EmailDTO] for GenericMessage [payload={"msg":"{\"from\":\"noreply@hitract.se\",\"to\":\"user-9@vip.com\",\"subject\":\"VIP Alert #9\",\"body\":\"Please process immediately.\",\"createdAt\":1766348290733}","name":"org.rqueu.dto.EmailDTO"}, headers={execution=Execution(super=com.github.sonus21.rqueue.models.db.Execution@4e0293a1, startTime=1766348790969, endTime=0, error=null, exception=null, status=IN_PROGRESS), destination=high-priority-mails, messageId=c8c622e6-99fe-425f-8d1f-24bb6ee3b59f, message=RqueueMessage(id=c8c622e6-99fe-425f-8d1f-24bb6ee3b59f, queueName=high-priority-mails, message={"msg":"{\"from\":\"noreply@hitract.se\",\"to\":\"user-9@vip.com\",\"subject\":\"VIP Alert #9\",\"body\":\"Please process immediately.\",\"createdAt\":1766348290733}","name":"org.rqueu.dto.EmailDTO"}, retryCount=null, queuedTime=10264471929300, processAt=1766348290733, reEnqueuedAt=1766348736552, failureCount=2, sourceQueueFailureCount=0, sourceQueueName=null, period=0), job=com.github.sonus21.rqueue.listener.JobImpl@3e8f5a50, lookupDestination=high-priority-mails}], failedMessage=GenericMessage [payload={"msg":"{\"from\":\"noreply@hitract.se\",\"to\":\"user-9@vip.com\",\"subject\":\"VIP Alert #9\",\"body\":\"Please process immediately.\",\"createdAt\":1766348290733}","name":"org.rqueu.dto.EmailDTO"}, headers={execution=Execution(super=com.github.sonus21.rqueue.models.db.Execution@4e0293a1, startTime=1766348790969, endTime=0, error=null, exception=null, status=IN_PROGRESS), destination=high-priority-mails, messageId=c8c622e6-99fe-425f-8d1f-24bb6ee3b59f, message=RqueueMessage(id=c8c622e6-99fe-425f-8d1f-24bb6ee3b59f, queueName=high-priority-mails, message={"msg":"{\"from\":\"noreply@hitract.se\",\"to\":\"user-9@vip.com\",\"subject\":\"VIP Alert #9\",\"body\":\"Please process immediately.\",\"createdAt\":1766348290733}","name":"org.rqueu.dto.EmailDTO"}, retryCount=null, queuedTime=10264471929300, processAt=1766348290733, reEnqueuedAt=1766348736552, failureCount=2, sourceQueueFailureCount=0, sourceQueueName=null, period=0), job=com.github.sonus21.rqueue.listener.JobImpl@3e8f5a50, lookupDestination=high-priority-mails}]
	at org.springframework.messaging.handler.annotation.support.PayloadMethodArgumentResolver.resolveArgument(PayloadMethodArgumentResolver.java:151)
	at org.springframework.messaging.handler.invocation.HandlerMethodArgumentResolverComposite.resolveArgument(HandlerMethodArgumentResolverComposite.java:118)
	at org.springframework.messaging.handler.invocation.InvocableHandlerMethod.getMethodArgumentValues(InvocableHandlerMethod.java:147)
	at org.springframework.messaging.handler.invocation.InvocableHandlerMethod.invoke(InvocableHandlerMethod.java:115)
	at org.springframework.messaging.handler.invocation.AbstractMethodMessageHandler.handleMatch(AbstractMethodMessageHandler.java:568)
	at com.github.sonus21.rqueue.listener.RqueueMessageHandler.executeMatches(RqueueMessageHandler.java:254)
	at com.github.sonus21.rqueue.listener.RqueueMessageHandler.handleMessageInternal(RqueueMessageHandler.java:226)
	at org.springframework.messaging.handler.invocation.AbstractMethodMessageHandler.handleMessage(AbstractMethodMessageHandler.java:457)
	at com.github.sonus21.rqueue.core.middleware.HandlerMiddleware.handle(HandlerMiddleware.java:50)
	at com.github.sonus21.rqueue.listener.RqueueExecutor.callMiddlewares(RqueueExecutor.java:240)
	at com.github.sonus21.rqueue.listener.RqueueExecutor.processMessage(RqueueExecutor.java:255)
	at com.github.sonus21.rqueue.listener.RqueueExecutor.execute(RqueueExecutor.java:266)
	at com.github.sonus21.rqueue.listener.RqueueExecutor.handleMessage(RqueueExecutor.java:307)
	at com.github.sonus21.rqueue.listener.RqueueExecutor.handle(RqueueExecutor.java:379)
	at com.github.sonus21.rqueue.listener.RqueueExecutor.start(RqueueExecutor.java:396)
	at com.github.sonus21.rqueue.utils.RetryableRunnable.run(RetryableRunnable.java:49)
	at java.base/java.util.concurrent.ThreadPoolExecutor.runWorker(ThreadPoolExecutor.java:1144)
	at java.base/java.util.concurrent.ThreadPoolExecutor$Worker.run(ThreadPoolExecutor.java:642)
	at java.base/java.lang.Thread.run(Thread.java:1583)
2025-12-21 21:26:31 ERROR c.g.s.r.l.RqueueMessageHandler - Unhandled exception from message handler method
org.springframework.messaging.converter.MessageConversionException: Cannot convert from [java.lang.String] to [org.rqueuconsumer.model.EmailDTO] for GenericMessage [payload={"msg":"{\"from\":\"noreply@hitract.se\",\"to\":\"user-3@vip.com\",\"subject\":\"VIP Alert #3\",\"body\":\"Please process immediately.\",\"createdAt\":1766348290704}","name":"org.rqueu.dto.EmailDTO"}, headers={execution=Execution(super=com.github.sonus21.rqueue.models.db.Execution@4e0293a1, startTime=1766348790969, endTime=0, error=null, exception=null, status=IN_PROGRESS), destination=high-priority-mails, messageId=2b7cb49a-4b08-4aaf-9e18-8806228a6cd4, message=RqueueMessage(id=2b7cb49a-4b08-4aaf-9e18-8806228a6cd4, queueName=high-priority-mails, message={"msg":"{\"from\":\"noreply@hitract.se\",\"to\":\"user-3@vip.com\",\"subject\":\"VIP Alert #3\",\"body\":\"Please process immediately.\",\"createdAt\":1766348290704}","name":"org.rqueu.dto.EmailDTO"}, retryCount=null, queuedTime=10264443900300, processAt=1766348290705, reEnqueuedAt=1766348736579, failureCount=2, sourceQueueFailureCount=0, sourceQueueName=null, period=0), job=com.github.sonus21.rqueue.listener.JobImpl@35cf0b73, lookupDestination=high-priority-mails}], failedMessage=GenericMessage [payload={"msg":"{\"from\":\"noreply@hitract.se\",\"to\":\"user-3@vip.com\",\"subject\":\"VIP Alert #3\",\"body\":\"Please process immediately.\",\"createdAt\":1766348290704}","name":"org.rqueu.dto.EmailDTO"}, headers={execution=Execution(super=com.github.sonus21.rqueue.models.db.Execution@4e0293a1, startTime=1766348790969, endTime=0, error=null, exception=null, status=IN_PROGRESS), destination=high-priority-mails, messageId=2b7cb49a-4b08-4aaf-9e18-8806228a6cd4, message=RqueueMessage(id=2b7cb49a-4b08-4aaf-9e18-8806228a6cd4, queueName=high-priority-mails, message={"msg":"{\"from\":\"noreply@hitract.se\",\"to\":\"user-3@vip.com\",\"subject\":\"VIP Alert #3\",\"body\":\"Please process immediately.\",\"createdAt\":1766348290704}","name":"org.rqueu.dto.EmailDTO"}, retryCount=null, queuedTime=10264443900300, processAt=1766348290705, reEnqueuedAt=1766348736579, failureCount=2, sourceQueueFailureCount=0, sourceQueueName=null, period=0), job=com.github.sonus21.rqueue.listener.JobImpl@35cf0b73, lookupDestination=high-priority-mails}]
	at org.springframework.messaging.handler.annotation.support.PayloadMethodArgumentResolver.resolveArgument(PayloadMethodArgumentResolver.java:151)
	at org.springframework.messaging.handler.invocation.HandlerMethodArgumentResolverComposite.resolveArgument(HandlerMethodArgumentResolverComposite.java:118)
	at org.springframework.messaging.handler.invocation.InvocableHandlerMethod.getMethodArgumentValues(InvocableHandlerMethod.java:147)
	at org.springframework.messaging.handler.invocation.InvocableHandlerMethod.invoke(InvocableHandlerMethod.java:115)
	at org.springframework.messaging.handler.invocation.AbstractMethodMessageHandler.handleMatch(AbstractMethodMessageHandler.java:568)
	at com.github.sonus21.rqueue.listener.RqueueMessageHandler.executeMatches(RqueueMessageHandler.java:254)
	at com.github.sonus21.rqueue.listener.RqueueMessageHandler.handleMessageInternal(RqueueMessageHandler.java:226)
	at org.springframework.messaging.handler.invocation.AbstractMethodMessageHandler.handleMessage(AbstractMethodMessageHandler.java:457)
	at com.github.sonus21.rqueue.core.middleware.HandlerMiddleware.handle(HandlerMiddleware.java:50)
	at com.github.sonus21.rqueue.listener.RqueueExecutor.callMiddlewares(RqueueExecutor.java:240)
	at com.github.sonus21.rqueue.listener.RqueueExecutor.processMessage(RqueueExecutor.java:255)
	at com.github.sonus21.rqueue.listener.RqueueExecutor.execute(RqueueExecutor.java:266)
	at com.github.sonus21.rqueue.listener.RqueueExecutor.handleMessage(RqueueExecutor.java:307)
	at com.github.sonus21.rqueue.listener.RqueueExecutor.handle(RqueueExecutor.java:379)
	at com.github.sonus21.rqueue.listener.RqueueExecutor.start(RqueueExecutor.java:396)
	at com.github.sonus21.rqueue.utils.RetryableRunnable.run(RetryableRunnable.java:49)
	at java.base/java.util.concurrent.ThreadPoolExecutor.runWorker(ThreadPoolExecutor.java:1144)
	at java.base/java.util.concurrent.ThreadPoolExecutor$Worker.run(ThreadPoolExecutor.java:642)
	at java.base/java.lang.Thread.run(Thread.java:1583)
2025-12-21 21:26:31 ERROR c.g.s.r.l.RqueueMessageHandler - Unhandled exception from message handler method
org.springframework.messaging.converter.MessageConversionException: Cannot convert from [java.lang.String] to [org.rqueuconsumer.model.EmailDTO] for GenericMessage [payload={"msg":"{\"from\":\"noreply@hitract.se\",\"to\":\"user-4@vip.com\",\"subject\":\"VIP Alert #4\",\"body\":\"Please process immediately.\",\"createdAt\":1766348290709}","name":"org.rqueu.dto.EmailDTO"}, headers={execution=Execution(super=com.github.sonus21.rqueue.models.db.Execution@4e0293a1, startTime=1766348790969, endTime=0, error=null, exception=null, status=IN_PROGRESS), destination=high-priority-mails, messageId=2e30d67c-0794-45c2-92df-6a7d55b2fb75, message=RqueueMessage(id=2e30d67c-0794-45c2-92df-6a7d55b2fb75, queueName=high-priority-mails, message={"msg":"{\"from\":\"noreply@hitract.se\",\"to\":\"user-4@vip.com\",\"subject\":\"VIP Alert #4\",\"body\":\"Please process immediately.\",\"createdAt\":1766348290709}","name":"org.rqueu.dto.EmailDTO"}, retryCount=null, queuedTime=10264448442600, processAt=1766348290709, reEnqueuedAt=1766348736557, failureCount=2, sourceQueueFailureCount=0, sourceQueueName=null, period=0), job=com.github.sonus21.rqueue.listener.JobImpl@6dec4414, lookupDestination=high-priority-mails}], failedMessage=GenericMessage [payload={"msg":"{\"from\":\"noreply@hitract.se\",\"to\":\"user-4@vip.com\",\"subject\":\"VIP Alert #4\",\"body\":\"Please process immediately.\",\"createdAt\":1766348290709}","name":"org.rqueu.dto.EmailDTO"}, headers={execution=Execution(super=com.github.sonus21.rqueue.models.db.Execution@4e0293a1, startTime=1766348790969, endTime=0, error=null, exception=null, status=IN_PROGRESS), destination=high-priority-mails, messageId=2e30d67c-0794-45c2-92df-6a7d55b2fb75, message=RqueueMessage(id=2e30d67c-0794-45c2-92df-6a7d55b2fb75, queueName=high-priority-mails, message={"msg":"{\"from\":\"noreply@hitract.se\",\"to\":\"user-4@vip.com\",\"subject\":\"VIP Alert #4\",\"body\":\"Please process immediately.\",\"createdAt\":1766348290709}","name":"org.rqueu.dto.EmailDTO"}, retryCount=null, queuedTime=10264448442600, processAt=1766348290709, reEnqueuedAt=1766348736557, failureCount=2, sourceQueueFailureCount=0, sourceQueueName=null, period=0), job=com.github.sonus21.rqueue.listener.JobImpl@6dec4414, lookupDestination=high-priority-mails}]
	at org.springframework.messaging.handler.annotation.support.PayloadMethodArgumentResolver.resolveArgument(PayloadMethodArgumentResolver.java:151)
	at org.springframework.messaging.handler.invocation.HandlerMethodArgumentResolverComposite.resolveArgument(HandlerMethodArgumentResolverComposite.java:118)
	at org.springframework.messaging.handler.invocation.InvocableHandlerMethod.getMethodArgumentValues(InvocableHandlerMethod.java:147)
	at org.springframework.messaging.handler.invocation.InvocableHandlerMethod.invoke(InvocableHandlerMethod.java:115)
	at org.springframework.messaging.handler.invocation.AbstractMethodMessageHandler.handleMatch(AbstractMethodMessageHandler.java:568)
	at com.github.sonus21.rqueue.listener.RqueueMessageHandler.executeMatches(RqueueMessageHandler.java:254)
	at com.github.sonus21.rqueue.listener.RqueueMessageHandler.handleMessageInternal(RqueueMessageHandler.java:226)
	at org.springframework.messaging.handler.invocation.AbstractMethodMessageHandler.handleMessage(AbstractMethodMessageHandler.java:457)
	at com.github.sonus21.rqueue.core.middleware.HandlerMiddleware.handle(HandlerMiddleware.java:50)
	at com.github.sonus21.rqueue.listener.RqueueExecutor.callMiddlewares(RqueueExecutor.java:240)
	at com.github.sonus21.rqueue.listener.RqueueExecutor.processMessage(RqueueExecutor.java:255)
	at com.github.sonus21.rqueue.listener.RqueueExecutor.execute(RqueueExecutor.java:266)
	at com.github.sonus21.rqueue.listener.RqueueExecutor.handleMessage(RqueueExecutor.java:307)
	at com.github.sonus21.rqueue.listener.RqueueExecutor.handle(RqueueExecutor.java:379)
	at com.github.sonus21.rqueue.listener.RqueueExecutor.start(RqueueExecutor.java:396)
	at com.github.sonus21.rqueue.utils.RetryableRunnable.run(RetryableRunnable.java:49)
	at java.base/java.util.concurrent.ThreadPoolExecutor.runWorker(ThreadPoolExecutor.java:1144)
	at java.base/java.util.concurrent.ThreadPoolExecutor$Worker.run(ThreadPoolExecutor.java:642)
	at java.base/java.lang.Thread.run(Thread.java:1583)
2025-12-21 21:26:31 ERROR c.g.s.r.l.RqueueMessageHandler - Unhandled exception from message handler method
org.springframework.messaging.converter.MessageConversionException: Cannot convert from [java.lang.String] to [org.rqueuconsumer.model.EmailDTO] for GenericMessage [payload={"msg":"{\"from\":\"noreply@hitract.se\",\"to\":\"user-35@standard.com\",\"subject\":\"Standard Alert #35\",\"body\":\"Please process immediately.\",\"createdAt\":1766348290819}","name":"org.rqueu.dto.EmailDTO"}, headers={execution=Execution(super=com.github.sonus21.rqueue.models.db.Execution@553b8a0b, startTime=1766348790967, endTime=0, error=null, exception=null, status=IN_PROGRESS), destination=low-priority-mails, messageId=6986adae-1fa7-443a-b423-681b980a9dee, message=RqueueMessage(id=6986adae-1fa7-443a-b423-681b980a9dee, queueName=low-priority-mails, message={"msg":"{\"from\":\"noreply@hitract.se\",\"to\":\"user-35@standard.com\",\"subject\":\"Standard Alert #35\",\"body\":\"Please process immediately.\",\"createdAt\":1766348290819}","name":"org.rqueu.dto.EmailDTO"}, retryCount=null, queuedTime=10264558238400, processAt=1766348290819, reEnqueuedAt=null, failureCount=0, sourceQueueFailureCount=0, sourceQueueName=null, period=0), job=com.github.sonus21.rqueue.listener.JobImpl@65e6ea8e, lookupDestination=low-priority-mails}], failedMessage=GenericMessage [payload={"msg":"{\"from\":\"noreply@hitract.se\",\"to\":\"user-35@standard.com\",\"subject\":\"Standard Alert #35\",\"body\":\"Please process immediately.\",\"createdAt\":1766348290819}","name":"org.rqueu.dto.EmailDTO"}, headers={execution=Execution(super=com.github.sonus21.rqueue.models.db.Execution@553b8a0b, startTime=1766348790967, endTime=0, error=null, exception=null, status=IN_PROGRESS), destination=low-priority-mails, messageId=6986adae-1fa7-443a-b423-681b980a9dee, message=RqueueMessage(id=6986adae-1fa7-443a-b423-681b980a9dee, queueName=low-priority-mails, message={"msg":"{\"from\":\"noreply@hitract.se\",\"to\":\"user-35@standard.com\",\"subject\":\"Standard Alert #35\",\"body\":\"Please process immediately.\",\"createdAt\":1766348290819}","name":"org.rqueu.dto.EmailDTO"}, retryCount=null, queuedTime=10264558238400, processAt=1766348290819, reEnqueuedAt=null, failureCount=0, sourceQueueFailureCount=0, sourceQueueName=null, period=0), job=com.github.sonus21.rqueue.listener.JobImpl@65e6ea8e, lookupDestination=low-priority-mails}]
	at org.springframework.messaging.handler.annotation.support.PayloadMethodArgumentResolver.resolveArgument(PayloadMethodArgumentResolver.java:151)
	at org.springframework.messaging.handler.invocation.HandlerMethodArgumentResolverComposite.resolveArgument(HandlerMethodArgumentResolverComposite.java:118)
	at org.springframework.messaging.handler.invocation.InvocableHandlerMethod.getMethodArgumentValues(InvocableHandlerMethod.java:147)
	at org.springframework.messaging.handler.invocation.InvocableHandlerMethod.invoke(InvocableHandlerMethod.java:115)
	at org.springframework.messaging.handler.invocation.AbstractMethodMessageHandler.handleMatch(AbstractMethodMessageHandler.java:568)
	at com.github.sonus21.rqueue.listener.RqueueMessageHandler.executeMatches(RqueueMessageHandler.java:254)
	at com.github.sonus21.rqueue.listener.RqueueMessageHandler.handleMessageInternal(RqueueMessageHandler.java:226)
	at org.springframework.messaging.handler.invocation.AbstractMethodMessageHandler.handleMessage(AbstractMethodMessageHandler.java:457)
	at com.github.sonus21.rqueue.core.middleware.HandlerMiddleware.handle(HandlerMiddleware.java:50)
	at com.github.sonus21.rqueue.listener.RqueueExecutor.callMiddlewares(RqueueExecutor.java:240)
	at com.github.sonus21.rqueue.listener.RqueueExecutor.processMessage(RqueueExecutor.java:255)
	at com.github.sonus21.rqueue.listener.RqueueExecutor.execute(RqueueExecutor.java:266)
	at com.github.sonus21.rqueue.listener.RqueueExecutor.handleMessage(RqueueExecutor.java:307)
	at com.github.sonus21.rqueue.listener.RqueueExecutor.handle(RqueueExecutor.java:379)
	at com.github.sonus21.rqueue.listener.RqueueExecutor.start(RqueueExecutor.java:396)
	at com.github.sonus21.rqueue.utils.RetryableRunnable.run(RetryableRunnable.java:49)
	at java.base/java.util.concurrent.ThreadPoolExecutor.runWorker(ThreadPoolExecutor.java:1144)
	at java.base/java.util.concurrent.ThreadPoolExecutor$Worker.run(ThreadPoolExecutor.java:642)
	at java.base/java.lang.Thread.run(Thread.java:1583)
2025-12-21 21:26:31 INFO  o.r.RqueuConsumerApplicationTests - Started RqueuConsumerApplicationTests in 6.077 seconds (process running for 7.664)
2025-12-21 21:26:31 ERROR c.g.s.r.l.RqueueMessageHandler - Unhandled exception from message handler method
org.springframework.messaging.converter.MessageConversionException: Cannot convert from [java.lang.String] to [org.rqueuconsumer.model.EmailDTO] for GenericMessage [payload={"msg":"{\"from\":\"noreply@hitract.se\",\"to\":\"user-37@standard.com\",\"subject\":\"Standard Alert #37\",\"body\":\"Please process immediately.\",\"createdAt\":1766348290823}","name":"org.rqueu.dto.EmailDTO"}, headers={execution=Execution(super=com.github.sonus21.rqueue.models.db.Execution@62a1d7b0, startTime=1766348791610, endTime=0, error=null, exception=null, status=IN_PROGRESS), destination=low-priority-mails, messageId=c6019898-bb36-4bb1-bf3c-6c26aa9630e6, message=RqueueMessage(id=c6019898-bb36-4bb1-bf3c-6c26aa9630e6, queueName=low-priority-mails, message={"msg":"{\"from\":\"noreply@hitract.se\",\"to\":\"user-37@standard.com\",\"subject\":\"Standard Alert #37\",\"body\":\"Please process immediately.\",\"createdAt\":1766348290823}","name":"org.rqueu.dto.EmailDTO"}, retryCount=null, queuedTime=10264562612800, processAt=1766348290823, reEnqueuedAt=null, failureCount=0, sourceQueueFailureCount=0, sourceQueueName=null, period=0), job=com.github.sonus21.rqueue.listener.JobImpl@6607ae80, lookupDestination=low-priority-mails}], failedMessage=GenericMessage [payload={"msg":"{\"from\":\"noreply@hitract.se\",\"to\":\"user-37@standard.com\",\"subject\":\"Standard Alert #37\",\"body\":\"Please process immediately.\",\"createdAt\":1766348290823}","name":"org.rqueu.dto.EmailDTO"}, headers={execution=Execution(super=com.github.sonus21.rqueue.models.db.Execution@62a1d7b0, startTime=1766348791610, endTime=0, error=null, exception=null, status=IN_PROGRESS), destination=low-priority-mails, messageId=c6019898-bb36-4bb1-bf3c-6c26aa9630e6, message=RqueueMessage(id=c6019898-bb36-4bb1-bf3c-6c26aa9630e6, queueName=low-priority-mails, message={"msg":"{\"from\":\"noreply@hitract.se\",\"to\":\"user-37@standard.com\",\"subject\":\"Standard Alert #37\",\"body\":\"Please process immediately.\",\"createdAt\":1766348290823}","name":"org.rqueu.dto.EmailDTO"}, retryCount=null, queuedTime=10264562612800, processAt=1766348290823, reEnqueuedAt=null, failureCount=0, sourceQueueFailureCount=0, sourceQueueName=null, period=0), job=com.github.sonus21.rqueue.listener.JobImpl@6607ae80, lookupDestination=low-priority-mails}]
	at org.springframework.messaging.handler.annotation.support.PayloadMethodArgumentResolver.resolveArgument(PayloadMethodArgumentResolver.java:151)
	at org.springframework.messaging.handler.invocation.HandlerMethodArgumentResolverComposite.resolveArgument(HandlerMethodArgumentResolverComposite.java:118)
	at org.springframework.messaging.handler.invocation.InvocableHandlerMethod.getMethodArgumentValues(InvocableHandlerMethod.java:147)
	at org.springframework.messaging.handler.invocation.InvocableHandlerMethod.invoke(InvocableHandlerMethod.java:115)
	at org.springframework.messaging.handler.invocation.AbstractMethodMessageHandler.handleMatch(AbstractMethodMessageHandler.java:568)
	at com.github.sonus21.rqueue.listener.RqueueMessageHandler.executeMatches(RqueueMessageHandler.java:254)
	at com.github.sonus21.rqueue.listener.RqueueMessageHandler.handleMessageInternal(RqueueMessageHandler.java:226)
	at org.springframework.messaging.handler.invocation.AbstractMethodMessageHandler.handleMessage(AbstractMethodMessageHandler.java:457)
	at com.github.sonus21.rqueue.core.middleware.HandlerMiddleware.handle(HandlerMiddleware.java:50)
	at com.github.sonus21.rqueue.listener.RqueueExecutor.callMiddlewares(RqueueExecutor.java:240)
	at com.github.sonus21.rqueue.listener.RqueueExecutor.processMessage(RqueueExecutor.java:255)
	at com.github.sonus21.rqueue.listener.RqueueExecutor.execute(RqueueExecutor.java:266)
	at com.github.sonus21.rqueue.listener.RqueueExecutor.handleMessage(RqueueExecutor.java:307)
	at com.github.sonus21.rqueue.listener.RqueueExecutor.handle(RqueueExecutor.java:379)
	at com.github.sonus21.rqueue.listener.RqueueExecutor.start(RqueueExecutor.java:396)
	at com.github.sonus21.rqueue.utils.RetryableRunnable.run(RetryableRunnable.java:49)
	at java.base/java.util.concurrent.ThreadPoolExecutor.runWorker(ThreadPoolExecutor.java:1144)
	at java.base/java.util.concurrent.ThreadPoolExecutor$Worker.run(ThreadPoolExecutor.java:642)
	at java.base/java.lang.Thread.run(Thread.java:1583)
2025-12-21 21:26:31 ERROR c.g.s.r.l.RqueueMessageHandler - Unhandled exception from message handler method
org.springframework.messaging.converter.MessageConversionException: Cannot convert from [java.lang.String] to [org.rqueuconsumer.model.EmailDTO] for GenericMessage [payload={"msg":"{\"from\":\"noreply@hitract.se\",\"to\":\"user-36@standard.com\",\"subject\":\"Standard Alert #36\",\"body\":\"Please process immediately.\",\"createdAt\":1766348290821}","name":"org.rqueu.dto.EmailDTO"}, headers={execution=Execution(super=com.github.sonus21.rqueue.models.db.Execution@62a1d7b0, startTime=1766348791610, endTime=0, error=null, exception=null, status=IN_PROGRESS), destination=low-priority-mails, messageId=a6a365f6-51a5-4c97-abbe-e6737dcf59c0, message=RqueueMessage(id=a6a365f6-51a5-4c97-abbe-e6737dcf59c0, queueName=low-priority-mails, message={"msg":"{\"from\":\"noreply@hitract.se\",\"to\":\"user-36@standard.com\",\"subject\":\"Standard Alert #36\",\"body\":\"Please process immediately.\",\"createdAt\":1766348290821}","name":"org.rqueu.dto.EmailDTO"}, retryCount=null, queuedTime=10264560505500, processAt=1766348290821, reEnqueuedAt=null, failureCount=0, sourceQueueFailureCount=0, sourceQueueName=null, period=0), job=com.github.sonus21.rqueue.listener.JobImpl@6697bd31, lookupDestination=low-priority-mails}], failedMessage=GenericMessage [payload={"msg":"{\"from\":\"noreply@hitract.se\",\"to\":\"user-36@standard.com\",\"subject\":\"Standard Alert #36\",\"body\":\"Please process immediately.\",\"createdAt\":1766348290821}","name":"org.rqueu.dto.EmailDTO"}, headers={execution=Execution(super=com.github.sonus21.rqueue.models.db.Execution@62a1d7b0, startTime=1766348791610, endTime=0, error=null, exception=null, status=IN_PROGRESS), destination=low-priority-mails, messageId=a6a365f6-51a5-4c97-abbe-e6737dcf59c0, message=RqueueMessage(id=a6a365f6-51a5-4c97-abbe-e6737dcf59c0, queueName=low-priority-mails, message={"msg":"{\"from\":\"noreply@hitract.se\",\"to\":\"user-36@standard.com\",\"subject\":\"Standard Alert #36\",\"body\":\"Please process immediately.\",\"createdAt\":1766348290821}","name":"org.rqueu.dto.EmailDTO"}, retryCount=null, queuedTime=10264560505500, processAt=1766348290821, reEnqueuedAt=null, failureCount=0, sourceQueueFailureCount=0, sourceQueueName=null, period=0), job=com.github.sonus21.rqueue.listener.JobImpl@6697bd31, lookupDestination=low-priority-mails}]
	at org.springframework.messaging.handler.annotation.support.PayloadMethodArgumentResolver.resolveArgument(PayloadMethodArgumentResolver.java:151)
	at org.springframework.messaging.handler.invocation.HandlerMethodArgumentResolverComposite.resolveArgument(HandlerMethodArgumentResolverComposite.java:118)
	at org.springframework.messaging.handler.invocation.InvocableHandlerMethod.getMethodArgumentValues(InvocableHandlerMethod.java:147)
	at org.springframework.messaging.handler.invocation.InvocableHandlerMethod.invoke(InvocableHandlerMethod.java:115)
	at org.springframework.messaging.handler.invocation.AbstractMethodMessageHandler.handleMatch(AbstractMethodMessageHandler.java:568)
	at com.github.sonus21.rqueue.listener.RqueueMessageHandler.executeMatches(RqueueMessageHandler.java:254)
	at com.github.sonus21.rqueue.listener.RqueueMessageHandler.handleMessageInternal(RqueueMessageHandler.java:226)
	at org.springframework.messaging.handler.invocation.AbstractMethodMessageHandler.handleMessage(AbstractMethodMessageHandler.java:457)
	at com.github.sonus21.rqueue.core.middleware.HandlerMiddleware.handle(HandlerMiddleware.java:50)
	at com.github.sonus21.rqueue.listener.RqueueExecutor.callMiddlewares(RqueueExecutor.java:240)
	at com.github.sonus21.rqueue.listener.RqueueExecutor.processMessage(RqueueExecutor.java:255)
	at com.github.sonus21.rqueue.listener.RqueueExecutor.execute(RqueueExecutor.java:266)
	at com.github.sonus21.rqueue.listener.RqueueExecutor.handleMessage(RqueueExecutor.java:307)
	at com.github.sonus21.rqueue.listener.RqueueExecutor.handle(RqueueExecutor.java:379)
	at com.github.sonus21.rqueue.listener.RqueueExecutor.start(RqueueExecutor.java:396)
	at com.github.sonus21.rqueue.utils.RetryableRunnable.run(RetryableRunnable.java:49)
	at java.base/java.util.concurrent.ThreadPoolExecutor.runWorker(ThreadPoolExecutor.java:1144)
	at java.base/java.util.concurrent.ThreadPoolExecutor$Worker.run(ThreadPoolExecutor.java:642)
	at java.base/java.lang.Thread.run(Thread.java:1583)
2025-12-21 21:26:31 ERROR c.g.s.r.l.RqueueMessageHandler - Unhandled exception from message handler method
org.springframework.messaging.converter.MessageConversionException: Cannot convert from [java.lang.String] to [org.rqueuconsumer.model.EmailDTO] for GenericMessage [payload={"msg":"{\"from\":\"noreply@hitract.se\",\"to\":\"user-39@standard.com\",\"subject\":\"Standard Alert #39\",\"body\":\"Please process immediately.\",\"createdAt\":1766348290828}","name":"org.rqueu.dto.EmailDTO"}, headers={execution=Execution(super=com.github.sonus21.rqueue.models.db.Execution@9deec7d7, startTime=1766348791843, endTime=0, error=null, exception=null, status=IN_PROGRESS), destination=low-priority-mails, messageId=e78a7119-c33b-4363-8689-8cfdc4fa62e1, message=RqueueMessage(id=e78a7119-c33b-4363-8689-8cfdc4fa62e1, queueName=low-priority-mails, message={"msg":"{\"from\":\"noreply@hitract.se\",\"to\":\"user-39@standard.com\",\"subject\":\"Standard Alert #39\",\"body\":\"Please process immediately.\",\"createdAt\":1766348290828}","name":"org.rqueu.dto.EmailDTO"}, retryCount=null, queuedTime=10264566918500, processAt=1766348290828, reEnqueuedAt=null, failureCount=0, sourceQueueFailureCount=0, sourceQueueName=null, period=0), job=com.github.sonus21.rqueue.listener.JobImpl@47a623a3, lookupDestination=low-priority-mails}], failedMessage=GenericMessage [payload={"msg":"{\"from\":\"noreply@hitract.se\",\"to\":\"user-39@standard.com\",\"subject\":\"Standard Alert #39\",\"body\":\"Please process immediately.\",\"createdAt\":1766348290828}","name":"org.rqueu.dto.EmailDTO"}, headers={execution=Execution(super=com.github.sonus21.rqueue.models.db.Execution@9deec7d7, startTime=1766348791843, endTime=0, error=null, exception=null, status=IN_PROGRESS), destination=low-priority-mails, messageId=e78a7119-c33b-4363-8689-8cfdc4fa62e1, message=RqueueMessage(id=e78a7119-c33b-4363-8689-8cfdc4fa62e1, queueName=low-priority-mails, message={"msg":"{\"from\":\"noreply@hitract.se\",\"to\":\"user-39@standard.com\",\"subject\":\"Standard Alert #39\",\"body\":\"Please process immediately.\",\"createdAt\":1766348290828}","name":"org.rqueu.dto.EmailDTO"}, retryCount=null, queuedTime=10264566918500, processAt=1766348290828, reEnqueuedAt=null, failureCount=0, sourceQueueFailureCount=0, sourceQueueName=null, period=0), job=com.github.sonus21.rqueue.listener.JobImpl@47a623a3, lookupDestination=low-priority-mails}]
	at org.springframework.messaging.handler.annotation.support.PayloadMethodArgumentResolver.resolveArgument(PayloadMethodArgumentResolver.java:151)
	at org.springframework.messaging.handler.invocation.HandlerMethodArgumentResolverComposite.resolveArgument(HandlerMethodArgumentResolverComposite.java:118)
	at org.springframework.messaging.handler.invocation.InvocableHandlerMethod.getMethodArgumentValues(InvocableHandlerMethod.java:147)
	at org.springframework.messaging.handler.invocation.InvocableHandlerMethod.invoke(InvocableHandlerMethod.java:115)
	at org.springframework.messaging.handler.invocation.AbstractMethodMessageHandler.handleMatch(AbstractMethodMessageHandler.java:568)
	at com.github.sonus21.rqueue.listener.RqueueMessageHandler.executeMatches(RqueueMessageHandler.java:254)
	at com.github.sonus21.rqueue.listener.RqueueMessageHandler.handleMessageInternal(RqueueMessageHandler.java:226)
	at org.springframework.messaging.handler.invocation.AbstractMethodMessageHandler.handleMessage(AbstractMethodMessageHandler.java:457)
	at com.github.sonus21.rqueue.core.middleware.HandlerMiddleware.handle(HandlerMiddleware.java:50)
	at com.github.sonus21.rqueue.listener.RqueueExecutor.callMiddlewares(RqueueExecutor.java:240)
	at com.github.sonus21.rqueue.listener.RqueueExecutor.processMessage(RqueueExecutor.java:255)
	at com.github.sonus21.rqueue.listener.RqueueExecutor.execute(RqueueExecutor.java:266)
	at com.github.sonus21.rqueue.listener.RqueueExecutor.handleMessage(RqueueExecutor.java:307)
	at com.github.sonus21.rqueue.listener.RqueueExecutor.handle(RqueueExecutor.java:379)
	at com.github.sonus21.rqueue.listener.RqueueExecutor.start(RqueueExecutor.java:396)
	at com.github.sonus21.rqueue.utils.RetryableRunnable.run(RetryableRunnable.java:49)
	at java.base/java.util.concurrent.ThreadPoolExecutor.runWorker(ThreadPoolExecutor.java:1144)
	at java.base/java.util.concurrent.ThreadPoolExecutor$Worker.run(ThreadPoolExecutor.java:642)
	at java.base/java.lang.Thread.run(Thread.java:1583)
2025-12-21 21:26:31 ERROR c.g.s.r.l.RqueueMessageHandler - Unhandled exception from message handler method
org.springframework.messaging.converter.MessageConversionException: Cannot convert from [java.lang.String] to [org.rqueuconsumer.model.EmailDTO] for GenericMessage [payload={"msg":"{\"from\":\"noreply@hitract.se\",\"to\":\"user-38@standard.com\",\"subject\":\"Standard Alert #38\",\"body\":\"Please process immediately.\",\"createdAt\":1766348290825}","name":"org.rqueu.dto.EmailDTO"}, headers={execution=Execution(super=com.github.sonus21.rqueue.models.db.Execution@926070c7, startTime=1766348791859, endTime=0, error=null, exception=null, status=IN_PROGRESS), destination=low-priority-mails, messageId=c29668c1-e619-409b-96cc-bd448f04a90c, message=RqueueMessage(id=c29668c1-e619-409b-96cc-bd448f04a90c, queueName=low-priority-mails, message={"msg":"{\"from\":\"noreply@hitract.se\",\"to\":\"user-38@standard.com\",\"subject\":\"Standard Alert #38\",\"body\":\"Please process immediately.\",\"createdAt\":1766348290825}","name":"org.rqueu.dto.EmailDTO"}, retryCount=null, queuedTime=10264564524200, processAt=1766348290825, reEnqueuedAt=null, failureCount=0, sourceQueueFailureCount=0, sourceQueueName=null, period=0), job=com.github.sonus21.rqueue.listener.JobImpl@1b591ab0, lookupDestination=low-priority-mails}], failedMessage=GenericMessage [payload={"msg":"{\"from\":\"noreply@hitract.se\",\"to\":\"user-38@standard.com\",\"subject\":\"Standard Alert #38\",\"body\":\"Please process immediately.\",\"createdAt\":1766348290825}","name":"org.rqueu.dto.EmailDTO"}, headers={execution=Execution(super=com.github.sonus21.rqueue.models.db.Execution@926070c7, startTime=1766348791859, endTime=0, error=null, exception=null, status=IN_PROGRESS), destination=low-priority-mails, messageId=c29668c1-e619-409b-96cc-bd448f04a90c, message=RqueueMessage(id=c29668c1-e619-409b-96cc-bd448f04a90c, queueName=low-priority-mails, message={"msg":"{\"from\":\"noreply@hitract.se\",\"to\":\"user-38@standard.com\",\"subject\":\"Standard Alert #38\",\"body\":\"Please process immediately.\",\"createdAt\":1766348290825}","name":"org.rqueu.dto.EmailDTO"}, retryCount=null, queuedTime=10264564524200, processAt=1766348290825, reEnqueuedAt=null, failureCount=0, sourceQueueFailureCount=0, sourceQueueName=null, period=0), job=com.github.sonus21.rqueue.listener.JobImpl@1b591ab0, lookupDestination=low-priority-mails}]
	at org.springframework.messaging.handler.annotation.support.PayloadMethodArgumentResolver.resolveArgument(PayloadMethodArgumentResolver.java:151)
	at org.springframework.messaging.handler.invocation.HandlerMethodArgumentResolverComposite.resolveArgument(HandlerMethodArgumentResolverComposite.java:118)
	at org.springframework.messaging.handler.invocation.InvocableHandlerMethod.getMethodArgumentValues(InvocableHandlerMethod.java:147)
	at org.springframework.messaging.handler.invocation.InvocableHandlerMethod.invoke(InvocableHandlerMethod.java:115)
	at org.springframework.messaging.handler.invocation.AbstractMethodMessageHandler.handleMatch(AbstractMethodMessageHandler.java:568)
	at com.github.sonus21.rqueue.listener.RqueueMessageHandler.executeMatches(RqueueMessageHandler.java:254)
	at com.github.sonus21.rqueue.listener.RqueueMessageHandler.handleMessageInternal(RqueueMessageHandler.java:226)
	at org.springframework.messaging.handler.invocation.AbstractMethodMessageHandler.handleMessage(AbstractMethodMessageHandler.java:457)
	at com.github.sonus21.rqueue.core.middleware.HandlerMiddleware.handle(HandlerMiddleware.java:50)
	at com.github.sonus21.rqueue.listener.RqueueExecutor.callMiddlewares(RqueueExecutor.java:240)
	at com.github.sonus21.rqueue.listener.RqueueExecutor.processMessage(RqueueExecutor.java:255)
	at com.github.sonus21.rqueue.listener.RqueueExecutor.execute(RqueueExecutor.java:266)
	at com.github.sonus21.rqueue.listener.RqueueExecutor.handleMessage(RqueueExecutor.java:307)
	at com.github.sonus21.rqueue.listener.RqueueExecutor.handle(RqueueExecutor.java:379)
	at com.github.sonus21.rqueue.listener.RqueueExecutor.start(RqueueExecutor.java:396)
	at com.github.sonus21.rqueue.utils.RetryableRunnable.run(RetryableRunnable.java:49)
	at java.base/java.util.concurrent.ThreadPoolExecutor.runWorker(ThreadPoolExecutor.java:1144)
	at java.base/java.util.concurrent.ThreadPoolExecutor$Worker.run(ThreadPoolExecutor.java:642)
	at java.base/java.lang.Thread.run(Thread.java:1583)
2025-12-21 21:26:32 ERROR c.g.s.r.l.RqueueMessageHandler - Unhandled exception from message handler method
org.springframework.messaging.converter.MessageConversionException: Cannot convert from [java.lang.String] to [org.rqueuconsumer.model.EmailDTO] for GenericMessage [payload={"msg":"{\"from\":\"noreply@hitract.se\",\"to\":\"user-41@standard.com\",\"subject\":\"Standard Alert #41\",\"body\":\"Please process immediately.\",\"createdAt\":1766348290833}","name":"org.rqueu.dto.EmailDTO"}, headers={execution=Execution(super=com.github.sonus21.rqueue.models.db.Execution@6fb56b97, startTime=1766348792035, endTime=0, error=null, exception=null, status=IN_PROGRESS), destination=low-priority-mails, messageId=9bfbab51-1f7c-4d91-96a7-78962da15254, message=RqueueMessage(id=9bfbab51-1f7c-4d91-96a7-78962da15254, queueName=low-priority-mails, message={"msg":"{\"from\":\"noreply@hitract.se\",\"to\":\"user-41@standard.com\",\"subject\":\"Standard Alert #41\",\"body\":\"Please process immediately.\",\"createdAt\":1766348290833}","name":"org.rqueu.dto.EmailDTO"}, retryCount=null, queuedTime=10264571913600, processAt=1766348290833, reEnqueuedAt=null, failureCount=0, sourceQueueFailureCount=0, sourceQueueName=null, period=0), job=com.github.sonus21.rqueue.listener.JobImpl@b84743a, lookupDestination=low-priority-mails}], failedMessage=GenericMessage [payload={"msg":"{\"from\":\"noreply@hitract.se\",\"to\":\"user-41@standard.com\",\"subject\":\"Standard Alert #41\",\"body\":\"Please process immediately.\",\"createdAt\":1766348290833}","name":"org.rqueu.dto.EmailDTO"}, headers={execution=Execution(super=com.github.sonus21.rqueue.models.db.Execution@6fb56b97, startTime=1766348792035, endTime=0, error=null, exception=null, status=IN_PROGRESS), destination=low-priority-mails, messageId=9bfbab51-1f7c-4d91-96a7-78962da15254, message=RqueueMessage(id=9bfbab51-1f7c-4d91-96a7-78962da15254, queueName=low-priority-mails, message={"msg":"{\"from\":\"noreply@hitract.se\",\"to\":\"user-41@standard.com\",\"subject\":\"Standard Alert #41\",\"body\":\"Please process immediately.\",\"createdAt\":1766348290833}","name":"org.rqueu.dto.EmailDTO"}, retryCount=null, queuedTime=10264571913600, processAt=1766348290833, reEnqueuedAt=null, failureCount=0, sourceQueueFailureCount=0, sourceQueueName=null, period=0), job=com.github.sonus21.rqueue.listener.JobImpl@b84743a, lookupDestination=low-priority-mails}]
	at org.springframework.messaging.handler.annotation.support.PayloadMethodArgumentResolver.resolveArgument(PayloadMethodArgumentResolver.java:151)
	at org.springframework.messaging.handler.invocation.HandlerMethodArgumentResolverComposite.resolveArgument(HandlerMethodArgumentResolverComposite.java:118)
	at org.springframework.messaging.handler.invocation.InvocableHandlerMethod.getMethodArgumentValues(InvocableHandlerMethod.java:147)
	at org.springframework.messaging.handler.invocation.InvocableHandlerMethod.invoke(InvocableHandlerMethod.java:115)
	at org.springframework.messaging.handler.invocation.AbstractMethodMessageHandler.handleMatch(AbstractMethodMessageHandler.java:568)
	at com.github.sonus21.rqueue.listener.RqueueMessageHandler.executeMatches(RqueueMessageHandler.java:254)
	at com.github.sonus21.rqueue.listener.RqueueMessageHandler.handleMessageInternal(RqueueMessageHandler.java:226)
	at org.springframework.messaging.handler.invocation.AbstractMethodMessageHandler.handleMessage(AbstractMethodMessageHandler.java:457)
	at com.github.sonus21.rqueue.core.middleware.HandlerMiddleware.handle(HandlerMiddleware.java:50)
	at com.github.sonus21.rqueue.listener.RqueueExecutor.callMiddlewares(RqueueExecutor.java:240)
	at com.github.sonus21.rqueue.listener.RqueueExecutor.processMessage(RqueueExecutor.java:255)
	at com.github.sonus21.rqueue.listener.RqueueExecutor.execute(RqueueExecutor.java:266)
	at com.github.sonus21.rqueue.listener.RqueueExecutor.handleMessage(RqueueExecutor.java:307)
	at com.github.sonus21.rqueue.listener.RqueueExecutor.handle(RqueueExecutor.java:379)
	at com.github.sonus21.rqueue.listener.RqueueExecutor.start(RqueueExecutor.java:396)
	at com.github.sonus21.rqueue.utils.RetryableRunnable.run(RetryableRunnable.java:49)
	at java.base/java.util.concurrent.ThreadPoolExecutor.runWorker(ThreadPoolExecutor.java:1144)
	at java.base/java.util.concurrent.ThreadPoolExecutor$Worker.run(ThreadPoolExecutor.java:642)
	at java.base/java.lang.Thread.run(Thread.java:1583)
2025-12-21 21:26:32 ERROR c.g.s.r.l.RqueueMessageHandler - Unhandled exception from message handler method
org.springframework.messaging.converter.MessageConversionException: Cannot convert from [java.lang.String] to [org.rqueuconsumer.model.EmailDTO] for GenericMessage [payload={"msg":"{\"from\":\"noreply@hitract.se\",\"to\":\"user-40@standard.com\",\"subject\":\"Standard Alert #40\",\"body\":\"Please process immediately.\",\"createdAt\":1766348290830}","name":"org.rqueu.dto.EmailDTO"}, headers={execution=Execution(super=com.github.sonus21.rqueue.models.db.Execution@6fb56b97, startTime=1766348792035, endTime=0, error=null, exception=null, status=IN_PROGRESS), destination=low-priority-mails, messageId=f00f3c95-c605-4374-9d15-bd7dc8d90c24, message=RqueueMessage(id=f00f3c95-c605-4374-9d15-bd7dc8d90c24, queueName=low-priority-mails, message={"msg":"{\"from\":\"noreply@hitract.se\",\"to\":\"user-40@standard.com\",\"subject\":\"Standard Alert #40\",\"body\":\"Please process immediately.\",\"createdAt\":1766348290830}","name":"org.rqueu.dto.EmailDTO"}, retryCount=null, queuedTime=10264569215600, processAt=1766348290830, reEnqueuedAt=null, failureCount=0, sourceQueueFailureCount=0, sourceQueueName=null, period=0), job=com.github.sonus21.rqueue.listener.JobImpl@3731bd2a, lookupDestination=low-priority-mails}], failedMessage=GenericMessage [payload={"msg":"{\"from\":\"noreply@hitract.se\",\"to\":\"user-40@standard.com\",\"subject\":\"Standard Alert #40\",\"body\":\"Please process immediately.\",\"createdAt\":1766348290830}","name":"org.rqueu.dto.EmailDTO"}, headers={execution=Execution(super=com.github.sonus21.rqueue.models.db.Execution@6fb56b97, startTime=1766348792035, endTime=0, error=null, exception=null, status=IN_PROGRESS), destination=low-priority-mails, messageId=f00f3c95-c605-4374-9d15-bd7dc8d90c24, message=RqueueMessage(id=f00f3c95-c605-4374-9d15-bd7dc8d90c24, queueName=low-priority-mails, message={"msg":"{\"from\":\"noreply@hitract.se\",\"to\":\"user-40@standard.com\",\"subject\":\"Standard Alert #40\",\"body\":\"Please process immediately.\",\"createdAt\":1766348290830}","name":"org.rqueu.dto.EmailDTO"}, retryCount=null, queuedTime=10264569215600, processAt=1766348290830, reEnqueuedAt=null, failureCount=0, sourceQueueFailureCount=0, sourceQueueName=null, period=0), job=com.github.sonus21.rqueue.listener.JobImpl@3731bd2a, lookupDestination=low-priority-mails}]
	at org.springframework.messaging.handler.annotation.support.PayloadMethodArgumentResolver.resolveArgument(PayloadMethodArgumentResolver.java:151)
	at org.springframework.messaging.handler.invocation.HandlerMethodArgumentResolverComposite.resolveArgument(HandlerMethodArgumentResolverComposite.java:118)
	at org.springframework.messaging.handler.invocation.InvocableHandlerMethod.getMethodArgumentValues(InvocableHandlerMethod.java:147)
	at org.springframework.messaging.handler.invocation.InvocableHandlerMethod.invoke(InvocableHandlerMethod.java:115)
	at org.springframework.messaging.handler.invocation.AbstractMethodMessageHandler.handleMatch(AbstractMethodMessageHandler.java:568)
	at com.github.sonus21.rqueue.listener.RqueueMessageHandler.executeMatches(RqueueMessageHandler.java:254)
	at com.github.sonus21.rqueue.listener.RqueueMessageHandler.handleMessageInternal(RqueueMessageHandler.java:226)
[...]
	at org.springframework.messaging.handler.invocation.AbstractMethodMessageHandler.handleMatch(AbstractMethodMessageHandler.java:568)
	at com.github.sonus21.rqueue.listener.RqueueMessageHandler.executeMatches(RqueueMessageHandler.java:254)
	at com.github.sonus21.rqueue.listener.RqueueMessageHandler.handleMessageInternal(RqueueMessageHandler.java:226)
	at org.springframework.messaging.handler.invocation.AbstractMethodMessageHandler.handleMessage(AbstractMethodMessageHandler.java:457)
	at com.github.sonus21.rqueue.core.middleware.HandlerMiddleware.handle(HandlerMiddleware.java:50)
	at com.github.sonus21.rqueue.listener.RqueueExecutor.callMiddlewares(RqueueExecutor.java:240)
	at com.github.sonus21.rqueue.listener.RqueueExecutor.processMessage(RqueueExecutor.java:255)
	at com.github.sonus21.rqueue.listener.RqueueExecutor.execute(RqueueExecutor.java:266)
	at com.github.sonus21.rqueue.listener.RqueueExecutor.handleMessage(RqueueExecutor.java:307)
	at com.github.sonus21.rqueue.listener.RqueueExecutor.handle(RqueueExecutor.java:379)
	at com.github.sonus21.rqueue.listener.RqueueExecutor.start(RqueueExecutor.java:396)
	at com.github.sonus21.rqueue.utils.RetryableRunnable.run(RetryableRunnable.java:49)
	at java.base/java.util.concurrent.ThreadPoolExecutor.runWorker(ThreadPoolExecutor.java:1144)
	at java.base/java.util.concurrent.ThreadPoolExecutor$Worker.run(ThreadPoolExecutor.java:642)
	at java.base/java.lang.Thread.run(Thread.java:1583)
2025-12-21 21:26:32 ERROR c.g.s.r.l.RqueueMessageHandler - Unhandled exception from message handler method
org.springframework.messaging.converter.MessageConversionException: Cannot convert from [java.lang.String] to [org.rqueuconsumer.model.EmailDTO] for GenericMessage [payload={"msg":"{\"from\":\"noreply@hitract.se\",\"to\":\"user-45@standard.com\",\"subject\":\"Standard Alert #45\",\"body\":\"Please process immediately.\",\"createdAt\":1766348290843}","name":"org.rqueu.dto.EmailDTO"}, headers={execution=Execution(super=com.github.sonus21.rqueue.models.db.Execution@920db709, startTime=1766348792465, endTime=0, error=null, exception=null, status=IN_PROGRESS), destination=low-priority-mails, messageId=1600edfd-04f8-42cb-aeab-eaf349c9e00a, message=RqueueMessage(id=1600edfd-04f8-42cb-aeab-eaf349c9e00a, queueName=low-priority-mails, message={"msg":"{\"from\":\"noreply@hitract.se\",\"to\":\"user-45@standard.com\",\"subject\":\"Standard Alert #45\",\"body\":\"Please process immediately.\",\"createdAt\":1766348290843}","name":"org.rqueu.dto.EmailDTO"}, retryCount=null, queuedTime=10264581970400, processAt=1766348290843, reEnqueuedAt=null, failureCount=0, sourceQueueFailureCount=0, sourceQueueName=null, period=0), job=com.github.sonus21.rqueue.listener.JobImpl@56f58d85, lookupDestination=low-priority-mails}], failedMessage=GenericMessage [payload={"msg":"{\"from\":\"noreply@hitract.se\",\"to\":\"user-45@standard.com\",\"subject\":\"Standard Alert #45\",\"body\":\"Please process immediately.\",\"createdAt\":1766348290843}","name":"org.rqueu.dto.EmailDTO"}, headers={execution=Execution(super=com.github.sonus21.rqueue.models.db.Execution@920db709, startTime=1766348792465, endTime=0, error=null, exception=null, status=IN_PROGRESS), destination=low-priority-mails, messageId=1600edfd-04f8-42cb-aeab-eaf349c9e00a, message=RqueueMessage(id=1600edfd-04f8-42cb-aeab-eaf349c9e00a, queueName=low-priority-mails, message={"msg":"{\"from\":\"noreply@hitract.se\",\"to\":\"user-45@standard.com\",\"subject\":\"Standard Alert #45\",\"body\":\"Please process immediately.\",\"createdAt\":1766348290843}","name":"org.rqueu.dto.EmailDTO"}, retryCount=null, queuedTime=10264581970400, processAt=1766348290843, reEnqueuedAt=null, failureCount=0, sourceQueueFailureCount=0, sourceQueueName=null, period=0), job=com.github.sonus21.rqueue.listener.JobImpl@56f58d85, lookupDestination=low-priority-mails}]
	at org.springframework.messaging.handler.annotation.support.PayloadMethodArgumentResolver.resolveArgument(PayloadMethodArgumentResolver.java:151)
	at org.springframework.messaging.handler.invocation.HandlerMethodArgumentResolverComposite.resolveArgument(HandlerMethodArgumentResolverComposite.java:118)
	at org.springframework.messaging.handler.invocation.InvocableHandlerMethod.getMethodArgumentValues(InvocableHandlerMethod.java:147)
	at org.springframework.messaging.handler.invocation.InvocableHandlerMethod.invoke(InvocableHandlerMethod.java:115)
	at org.springframework.messaging.handler.invocation.AbstractMethodMessageHandler.handleMatch(AbstractMethodMessageHandler.java:568)
	at com.github.sonus21.rqueue.listener.RqueueMessageHandler.executeMatches(RqueueMessageHandler.java:254)
	at com.github.sonus21.rqueue.listener.RqueueMessageHandler.handleMessageInternal(RqueueMessageHandler.java:226)
	at org.springframework.messaging.handler.invocation.AbstractMethodMessageHandler.handleMessage(AbstractMethodMessageHandler.java:457)
	at com.github.sonus21.rqueue.core.middleware.HandlerMiddleware.handle(HandlerMiddleware.java:50)
	at com.github.sonus21.rqueue.listener.RqueueExecutor.callMiddlewares(RqueueExecutor.java:240)
	at com.github.sonus21.rqueue.listener.RqueueExecutor.processMessage(RqueueExecutor.java:255)
	at com.github.sonus21.rqueue.listener.RqueueExecutor.execute(RqueueExecutor.java:266)
	at com.github.sonus21.rqueue.listener.RqueueExecutor.handleMessage(RqueueExecutor.java:307)
	at com.github.sonus21.rqueue.listener.RqueueExecutor.handle(RqueueExecutor.java:379)
	at com.github.sonus21.rqueue.listener.RqueueExecutor.start(RqueueExecutor.java:396)
	at com.github.sonus21.rqueue.utils.RetryableRunnable.run(RetryableRunnable.java:49)
	at java.base/java.util.concurrent.ThreadPoolExecutor.runWorker(ThreadPoolExecutor.java:1144)
	at java.base/java.util.concurrent.ThreadPoolExecutor$Worker.run(ThreadPoolExecutor.java:642)
	at java.base/java.lang.Thread.run(Thread.java:1583)
2025-12-21 21:26:32 ERROR c.g.s.r.l.RqueueMessageHandler - Unhandled exception from message handler method
org.springframework.messaging.converter.MessageConversionException: Cannot convert from [java.lang.String] to [org.rqueuconsumer.model.EmailDTO] for GenericMessage [payload={"msg":"{\"from\":\"noreply@hitract.se\",\"to\":\"user-44@standard.com\",\"subject\":\"Standard Alert #44\",\"body\":\"Please process immediately.\",\"createdAt\":1766348290840}","name":"org.rqueu.dto.EmailDTO"}, headers={execution=Execution(super=com.github.sonus21.rqueue.models.db.Execution@909bec27, startTime=1766348792467, endTime=0, error=null, exception=null, status=IN_PROGRESS), destination=low-priority-mails, messageId=6a7f606d-ffdf-43f3-a766-05b930ffab07, message=RqueueMessage(id=6a7f606d-ffdf-43f3-a766-05b930ffab07, queueName=low-priority-mails, message={"msg":"{\"from\":\"noreply@hitract.se\",\"to\":\"user-44@standard.com\",\"subject\":\"Standard Alert #44\",\"body\":\"Please process immediately.\",\"createdAt\":1766348290840}","name":"org.rqueu.dto.EmailDTO"}, retryCount=null, queuedTime=10264579466400, processAt=1766348290840, reEnqueuedAt=null, failureCount=0, sourceQueueFailureCount=0, sourceQueueName=null, period=0), job=com.github.sonus21.rqueue.listener.JobImpl@48eb785c, lookupDestination=low-priority-mails}], failedMessage=GenericMessage [payload={"msg":"{\"from\":\"noreply@hitract.se\",\"to\":\"user-44@standard.com\",\"subject\":\"Standard Alert #44\",\"body\":\"Please process immediately.\",\"createdAt\":1766348290840}","name":"org.rqueu.dto.EmailDTO"}, headers={execution=Execution(super=com.github.sonus21.rqueue.models.db.Execution@909bec27, startTime=1766348792467, endTime=0, error=null, exception=null, status=IN_PROGRESS), destination=low-priority-mails, messageId=6a7f606d-ffdf-43f3-a766-05b930ffab07, message=RqueueMessage(id=6a7f606d-ffdf-43f3-a766-05b930ffab07, queueName=low-priority-mails, message={"msg":"{\"from\":\"noreply@hitract.se\",\"to\":\"user-44@standard.com\",\"subject\":\"Standard Alert #44\",\"body\":\"Please process immediately.\",\"createdAt\":1766348290840}","name":"org.rqueu.dto.EmailDTO"}, retryCount=null, queuedTime=10264579466400, processAt=1766348290840, reEnqueuedAt=null, failureCount=0, sourceQueueFailureCount=0, sourceQueueName=null, period=0), job=com.github.sonus21.rqueue.listener.JobImpl@48eb785c, lookupDestination=low-priority-mails}]
	at org.springframework.messaging.handler.annotation.support.PayloadMethodArgumentResolver.resolveArgument(PayloadMethodArgumentResolver.java:151)
	at org.springframework.messaging.handler.invocation.HandlerMethodArgumentResolverComposite.resolveArgument(HandlerMethodArgumentResolverComposite.java:118)
	at org.springframework.messaging.handler.invocation.InvocableHandlerMethod.getMethodArgumentValues(InvocableHandlerMethod.java:147)
	at org.springframework.messaging.handler.invocation.InvocableHandlerMethod.invoke(InvocableHandlerMethod.java:115)
	at org.springframework.messaging.handler.invocation.AbstractMethodMessageHandler.handleMatch(AbstractMethodMessageHandler.java:568)
	at com.github.sonus21.rqueue.listener.RqueueMessageHandler.executeMatches(RqueueMessageHandler.java:254)
	at com.github.sonus21.rqueue.listener.RqueueMessageHandler.handleMessageInternal(RqueueMessageHandler.java:226)
	at org.springframework.messaging.handler.invocation.AbstractMethodMessageHandler.handleMessage(AbstractMethodMessageHandler.java:457)
	at com.github.sonus21.rqueue.core.middleware.HandlerMiddleware.handle(HandlerMiddleware.java:50)
	at com.github.sonus21.rqueue.listener.RqueueExecutor.callMiddlewares(RqueueExecutor.java:240)
	at com.github.sonus21.rqueue.listener.RqueueExecutor.processMessage(RqueueExecutor.java:255)
	at com.github.sonus21.rqueue.listener.RqueueExecutor.execute(RqueueExecutor.java:266)
	at com.github.sonus21.rqueue.listener.RqueueExecutor.handleMessage(RqueueExecutor.java:307)
	at com.github.sonus21.rqueue.listener.RqueueExecutor.handle(RqueueExecutor.java:379)
	at com.github.sonus21.rqueue.listener.RqueueExecutor.start(RqueueExecutor.java:396)
	at com.github.sonus21.rqueue.utils.RetryableRunnable.run(RetryableRunnable.java:49)
	at java.base/java.util.concurrent.ThreadPoolExecutor.runWorker(ThreadPoolExecutor.java:1144)
	at java.base/java.util.concurrent.ThreadPoolExecutor$Worker.run(ThreadPoolExecutor.java:642)
	at java.base/java.lang.Thread.run(Thread.java:1583)
2025-12-21 21:26:32 ERROR c.g.s.r.l.RqueueMessageHandler - Unhandled exception from message handler method
org.springframework.messaging.converter.MessageConversionException: Cannot convert from [java.lang.String] to [org.rqueuconsumer.model.EmailDTO] for GenericMessage [payload={"msg":"{\"from\":\"noreply@hitract.se\",\"to\":\"user-47@standard.com\",\"subject\":\"Standard Alert #47\",\"body\":\"Please process immediately.\",\"createdAt\":1766348290848}","name":"org.rqueu.dto.EmailDTO"}, headers={execution=Execution(super=com.github.sonus21.rqueue.models.db.Execution@8962f5bd, startTime=1766348792677, endTime=0, error=null, exception=null, status=IN_PROGRESS), destination=low-priority-mails, messageId=46e0c4c8-4714-4434-af78-ea5e7cdb6350, message=RqueueMessage(id=46e0c4c8-4714-4434-af78-ea5e7cdb6350, queueName=low-priority-mails, message={"msg":"{\"from\":\"noreply@hitract.se\",\"to\":\"user-47@standard.com\",\"subject\":\"Standard Alert #47\",\"body\":\"Please process immediately.\",\"createdAt\":1766348290848}","name":"org.rqueu.dto.EmailDTO"}, retryCount=null, queuedTime=10264586919600, processAt=1766348290848, reEnqueuedAt=null, failureCount=0, sourceQueueFailureCount=0, sourceQueueName=null, period=0), job=com.github.sonus21.rqueue.listener.JobImpl@404f013c, lookupDestination=low-priority-mails}], failedMessage=GenericMessage [payload={"msg":"{\"from\":\"noreply@hitract.se\",\"to\":\"user-47@standard.com\",\"subject\":\"Standard Alert #47\",\"body\":\"Please process immediately.\",\"createdAt\":1766348290848}","name":"org.rqueu.dto.EmailDTO"}, headers={execution=Execution(super=com.github.sonus21.rqueue.models.db.Execution@8962f5bd, startTime=1766348792677, endTime=0, error=null, exception=null, status=IN_PROGRESS), destination=low-priority-mails, messageId=46e0c4c8-4714-4434-af78-ea5e7cdb6350, message=RqueueMessage(id=46e0c4c8-4714-4434-af78-ea5e7cdb6350, queueName=low-priority-mails, message={"msg":"{\"from\":\"noreply@hitract.se\",\"to\":\"user-47@standard.com\",\"subject\":\"Standard Alert #47\",\"body\":\"Please process immediately.\",\"createdAt\":1766348290848}","name":"org.rqueu.dto.EmailDTO"}, retryCount=null, queuedTime=10264586919600, processAt=1766348290848, reEnqueuedAt=null, failureCount=0, sourceQueueFailureCount=0, sourceQueueName=null, period=0), job=com.github.sonus21.rqueue.listener.JobImpl@404f013c, lookupDestination=low-priority-mails}]
	at org.springframework.messaging.handler.annotation.support.PayloadMethodArgumentResolver.resolveArgument(PayloadMethodArgumentResolver.java:151)
	at org.springframework.messaging.handler.invocation.HandlerMethodArgumentResolverComposite.resolveArgument(HandlerMethodArgumentResolverComposite.java:118)
	at org.springframework.messaging.handler.invocation.InvocableHandlerMethod.getMethodArgumentValues(InvocableHandlerMethod.java:147)
	at org.springframework.messaging.handler.invocation.InvocableHandlerMethod.invoke(InvocableHandlerMethod.java:115)
	at org.springframework.messaging.handler.invocation.AbstractMethodMessageHandler.handleMatch(AbstractMethodMessageHandler.java:568)
	at com.github.sonus21.rqueue.listener.RqueueMessageHandler.executeMatches(RqueueMessageHandler.java:254)
	at com.github.sonus21.rqueue.listener.RqueueMessageHandler.handleMessageInternal(RqueueMessageHandler.java:226)
	at org.springframework.messaging.handler.invocation.AbstractMethodMessageHandler.handleMessage(AbstractMethodMessageHandler.java:457)
	at com.github.sonus21.rqueue.core.middleware.HandlerMiddleware.handle(HandlerMiddleware.java:50)
	at com.github.sonus21.rqueue.listener.RqueueExecutor.callMiddlewares(RqueueExecutor.java:240)
	at com.github.sonus21.rqueue.listener.RqueueExecutor.processMessage(RqueueExecutor.java:255)
	at com.github.sonus21.rqueue.listener.RqueueExecutor.execute(RqueueExecutor.java:266)
	at com.github.sonus21.rqueue.listener.RqueueExecutor.handleMessage(RqueueExecutor.java:307)
	at com.github.sonus21.rqueue.listener.RqueueExecutor.handle(RqueueExecutor.java:379)
	at com.github.sonus21.rqueue.listener.RqueueExecutor.start(RqueueExecutor.java:396)
	at com.github.sonus21.rqueue.utils.RetryableRunnable.run(RetryableRunnable.java:49)
	at java.base/java.util.concurrent.ThreadPoolExecutor.runWorker(ThreadPoolExecutor.java:1144)
	at java.base/java.util.concurrent.ThreadPoolExecutor$Worker.run(ThreadPoolExecutor.java:642)
	at java.base/java.lang.Thread.run(Thread.java:1583)
2025-12-21 21:26:32 ERROR c.g.s.r.l.RqueueMessageHandler - Unhandled exception from message handler method
org.springframework.messaging.converter.MessageConversionException: Cannot convert from [java.lang.String] to [org.rqueuconsumer.model.EmailDTO] for GenericMessage [payload={"msg":"{\"from\":\"noreply@hitract.se\",\"to\":\"user-46@standard.com\",\"subject\":\"Standard Alert #46\",\"body\":\"Please process immediately.\",\"createdAt\":1766348290845}","name":"org.rqueu.dto.EmailDTO"}, headers={execution=Execution(super=com.github.sonus21.rqueue.models.db.Execution@8962f5bd, startTime=1766348792677, endTime=0, error=null, exception=null, status=IN_PROGRESS), destination=low-priority-mails, messageId=12d27d49-23c1-4bdb-9922-25311b9660b5, message=RqueueMessage(id=12d27d49-23c1-4bdb-9922-25311b9660b5, queueName=low-priority-mails, message={"msg":"{\"from\":\"noreply@hitract.se\",\"to\":\"user-46@standard.com\",\"subject\":\"Standard Alert #46\",\"body\":\"Please process immediately.\",\"createdAt\":1766348290845}","name":"org.rqueu.dto.EmailDTO"}, retryCount=null, queuedTime=10264584470000, processAt=1766348290845, reEnqueuedAt=null, failureCount=0, sourceQueueFailureCount=0, sourceQueueName=null, period=0), job=com.github.sonus21.rqueue.listener.JobImpl@60e129c3, lookupDestination=low-priority-mails}], failedMessage=GenericMessage [payload={"msg":"{\"from\":\"noreply@hitract.se\",\"to\":\"user-46@standard.com\",\"subject\":\"Standard Alert #46\",\"body\":\"Please process immediately.\",\"createdAt\":1766348290845}","name":"org.rqueu.dto.EmailDTO"}, headers={execution=Execution(super=com.github.sonus21.rqueue.models.db.Execution@8962f5bd, startTime=1766348792677, endTime=0, error=null, exception=null, status=IN_PROGRESS), destination=low-priority-mails, messageId=12d27d49-23c1-4bdb-9922-25311b9660b5, message=RqueueMessage(id=12d27d49-23c1-4bdb-9922-25311b9660b5, queueName=low-priority-mails, message={"msg":"{\"from\":\"noreply@hitract.se\",\"to\":\"user-46@standard.com\",\"subject\":\"Standard Alert #46\",\"body\":\"Please process immediately.\",\"createdAt\":1766348290845}","name":"org.rqueu.dto.EmailDTO"}, retryCount=null, queuedTime=10264584470000, processAt=1766348290845, reEnqueuedAt=null, failureCount=0, sourceQueueFailureCount=0, sourceQueueName=null, period=0), job=com.github.sonus21.rqueue.listener.JobImpl@60e129c3, lookupDestination=low-priority-mails}]
	at org.springframework.messaging.handler.annotation.support.PayloadMethodArgumentResolver.resolveArgument(PayloadMethodArgumentResolver.java:151)
	at org.springframework.messaging.handler.invocation.HandlerMethodArgumentResolverComposite.resolveArgument(HandlerMethodArgumentResolverComposite.java:118)
	at org.springframework.messaging.handler.invocation.InvocableHandlerMethod.getMethodArgumentValues(InvocableHandlerMethod.java:147)
	at org.springframework.messaging.handler.invocation.InvocableHandlerMethod.invoke(InvocableHandlerMethod.java:115)
	at org.springframework.messaging.handler.invocation.AbstractMethodMessageHandler.handleMatch(AbstractMethodMessageHandler.java:568)
	at com.github.sonus21.rqueue.listener.RqueueMessageHandler.executeMatches(RqueueMessageHandler.java:254)
	at com.github.sonus21.rqueue.listener.RqueueMessageHandler.handleMessageInternal(RqueueMessageHandler.java:226)
	at org.springframework.messaging.handler.invocation.AbstractMethodMessageHandler.handleMessage(AbstractMethodMessageHandler.java:457)
	at com.github.sonus21.rqueue.core.middleware.HandlerMiddleware.handle(HandlerMiddleware.java:50)
	at com.github.sonus21.rqueue.listener.RqueueExecutor.callMiddlewares(RqueueExecutor.java:240)
	at com.github.sonus21.rqueue.listener.RqueueExecutor.processMessage(RqueueExecutor.java:255)
	at com.github.sonus21.rqueue.listener.RqueueExecutor.execute(RqueueExecutor.java:266)
	at com.github.sonus21.rqueue.listener.RqueueExecutor.handleMessage(RqueueExecutor.java:307)
	at com.github.sonus21.rqueue.listener.RqueueExecutor.handle(RqueueExecutor.java:379)
	at com.github.sonus21.rqueue.listener.RqueueExecutor.start(RqueueExecutor.java:396)
	at com.github.sonus21.rqueue.utils.RetryableRunnable.run(RetryableRunnable.java:49)
	at java.base/java.util.concurrent.ThreadPoolExecutor.runWorker(ThreadPoolExecutor.java:1144)
	at java.base/java.util.concurrent.ThreadPoolExecutor$Worker.run(ThreadPoolExecutor.java:642)
	at java.base/java.lang.Thread.run(Thread.java:1583)
]]></system-out>
    <system-err><![CDATA[Mockito is currently self-attaching to enable the inline-mock-maker. This will no longer work in future releases of the JDK. Please add Mockito as an agent to your build as described in Mockito's documentation: https://javadoc.io/doc/org.mockito/mockito-core/latest/org.mockito/org/mockito/Mockito.html#0.3
WARNING: A Java agent has been loaded dynamically (C:\Users\mete\.m2\repository\net\bytebuddy\byte-buddy-agent\1.17.8\byte-buddy-agent-1.17.8.jar)
WARNING: If a serviceability tool is in use, please run with -XX:+EnableDynamicAgentLoading to hide this warning
WARNING: If a serviceability tool is not in use, please run with -Djdk.instrument.traceUsage for more information
WARNING: Dynamic loading of agents will be disallowed by default in a future release
]]></system-err>
  </testcase>
</testsuite>