<?xml version="1.0" encoding="UTF-8"?>
<testsuite xmlns:xsi="http://www.w3.org/2001/XMLSchema-instance" xsi:noNamespaceSchemaLocation="https://maven.apache.org/surefire/maven-surefire-plugin/xsd/surefire-test-report.xsd" version="3.0.2" name="org.rqueue.RqueuConsumerApplicationTests" time="8.961" tests="1" errors="0" skipped="0" failures="0">
  <properties>
[...]
</properties>
  <testcase name="contextLoads" classname="org.rqueue.RqueuConsumerApplicationTests" time="0.971">
    <system-out><![CDATA[23:00:31.093 [main] INFO org.springframework.test.context.support.AnnotationConfigContextLoaderUtils -- Could not detect default configuration classes for test class [org.rqueue.RqueuConsumerApplicationTests]: RqueuConsumerApplicationTests does not declare any static, non-private, non-final, nested classes annotated with @Configuration.
23:00:31.281 [main] INFO org.springframework.boot.test.context.SpringBootTestContextBootstrapper -- Found @SpringBootConfiguration org.rqueue.RqueuConsumerApplication for test class org.rqueue.RqueuConsumerApplicationTests

  .   ____          _            __ _ _
 /\\ / ___'_ __ _ _(_)_ __  __ _ \ \ \ \
( ( )\___ | '_ | '_| | '_ \/ _` | \ \ \ \
 \\/  ___)| |_)| | | | | || (_| |  ) ) ) )
  '  |____| .__|_| |_|_| |_\__, | / / / /
 =========|_|==============|___/=/_/_/_/

 :: Spring Boot ::               (v3.4.12)

2025-12-22 23:00:32 INFO  o.r.RqueuConsumerApplicationTests - Starting RqueuConsumerApplicationTests using Java 21.0.7 with PID 11876 (started by mete in C:\Users\mete\Desktop\staj\rqueue\rqueu-consumer)
2025-12-22 23:00:32 INFO  o.r.RqueuConsumerApplicationTests - No active profile set, falling back to 1 default profile: "default"
2025-12-22 23:00:38 INFO  o.r.RqueuConsumerApplicationTests - Started RqueuConsumerApplicationTests in 7.278 seconds (process running for 8.953)
]]></system-out>
    <system-err><![CDATA[Mockito is currently self-attaching to enable the inline-mock-maker. This will no longer work in future releases of the JDK. Please add Mockito as an agent to your build what is described in Mockito's documentation: https://javadoc.io/doc/org.mockito/mockito-core/latest/org/mockito/Mockito.html#0.3
WARNING: A Java agent has been loaded dynamically (C:\Users\mete\.m2\repository\net\bytebuddy\byte-buddy-agent\1.15.11\byte-buddy-agent-1.15.11.jar)
WARNING: If a serviceability tool is in use, please run with -XX:+EnableDynamicAgentLoading to hide this warning
WARNING: If a serviceability tool is not in use, please run with -Djdk.instrument.traceUsage for more information
WARNING: Dynamic loading of agents will be disallowed by default in a future release
]]></system-err>
  </testcase>
</testsuite>